#
# A fatal error has been detected by the Java Runtime Environment:
#
#  SIGBUS (0xa) at pc=0x000000010cfd2eb9, pid=14322, tid=20227
#
# JRE version: Java(TM) SE Runtime Environment (8.0_60-b27) (build 1.8.0_60-b27)
# Java VM: Java HotSpot(TM) 64-Bit Server VM (25.60-b23 mixed mode bsd-amd64 compressed oops)
# Problematic frame:
# C  [libzip.dylib+0x2eb9]  newEntry+0x154
#
# Failed to write core dump. Core dumps have been disabled. To enable core dumping, try "ulimit -c unlimited" before starting Java again
#
# If you would like to submit a bug report, please visit:
#   http://bugreport.java.com/bugreport/crash.jsp
# The crash happened outside the Java Virtual Machine in native code.
# See problematic frame for where to report the bug.
#

---------------  T H R E A D  ---------------

Current thread (0x00007f89d6c67800):  JavaThread "528938970@qtp-545448164-0 - /sandbox/isactive" [_thread_in_native, id=20227, stack(0x000070000bddd000,0x000070000bedd000)]

siginfo: si_signo: 10 (SIGBUS), si_code: 2 (BUS_ADRERR), si_addr: 0x0000000111c09dc1

Registers:
RAX=0x00007f89d4c14240, RBX=0x0000000111c09db5, RCX=0x0000000000000001, RDX=0x0000000000000400
RSP=0x000070000bed99a0, RBP=0x000070000bed9a00, RSI=0x0000000000000008, RDI=0x00000000000004da
R8 =0x0000000000000048, R9 =0x00007f89d4c4dbe0, R10=0x00000000fffffff8, R11=0x0000000000000002
R12=0x0000000111e7e000, R13=0x00000000000015b0, R14=0x0000000020910464, R15=0x00007f89d4c37dc0
RIP=0x000000010cfd2eb9, EFLAGS=0x0000000000010202, ERR=0x0000000000000004
  TRAPNO=0x000000000000000e

Top of Stack: (sp=0x000070000bed99a0)
0x000070000bed99a0:   00007f89d4f00000 0000000000000003
0x000070000bed99b0:   000000010cef5800 0000000000000002
0x000070000bed99c0:   000070000bed99e0 00007f89d4c14240
0x000070000bed99d0:   00007f89d4c4dbe0 00007f89d4c14240
0x000070000bed99e0:   0000000111e7e000 00000000000015b0
0x000070000bed99f0:   0000000020910464 00007f89d4c37dc0
0x000070000bed9a00:   000070000bed9a60 000000010cfd3554
0x000070000bed9a10:   000070000bed9aae 000070000bed9aad
0x000070000bed9a20:   0000002e00000000 0000002f01c67800
0x000070000bed9a30:   000070000bed9a7e 000070000bed9ec8
0x000070000bed9a40:   000000000000002f 000070000bed9a7e
0x000070000bed9a50:   00007f89d4c14240 00007f89d6c679f8
0x000070000bed9a60:   000070000bed9eb0 000000010cfd234f
0x000070000bed9a70:   4a1a153237f100b2 726f153200000001
0x000070000bed9a80:   6568636170612f67 732f6a34676f6c2f
0x000070000bed9a90:   776f7268542f6970 6f666e49656c6261
0x000070000bed9aa0:   2e6e6f6974616d72 0000007373616c63
0x000070000bed9ab0:   00007fff9dd686b8 000070000bed9e88
0x000070000bed9ac0:   000070000bedae70 000070002afffa48
0x000070000bed9ad0:   000070000bed9b20 00007fff950db438
0x000070000bed9ae0:   000070000bed9ca8 0000000000000001
0x000070000bed9af0:   000070000bed9c88 0000000000000000
0x000070000bed9b00:   00007fff95123680 0000000000000000
0x000070000bed9b10:   000000010de0afba 000000000000003c
0x000070000bed9b20:   000070000bed9f10 00007fff950e598b
0x000070000bed9b30:   00007fff9dd686b8 000000010dddd799
0x000070000bed9b40:   000000076f9f6868 00000001128e3223
0x000070000bed9b50:   000000076f9f6850 00000001128db238
0x000070000bed9b60:   000000067b9364f2 000000076f9f6850
0x000070000bed9b70:   00000001f80002da 000000000000002f
0x000070000bed9b80:   0000700000000037 00007fff950e598b
0x000070000bed9b90:   000000076f9f6810 000000011281f8fc 

Instructions: (pc=0x000000010cfd2eb9)
0x000000010cfd2e99:   49 8b 7f 38 e8 50 1b 00 00 4d 89 77 38 49 89 5f
0x000000010cfd2ea9:   40 4c 89 f0 48 85 c0 0f 84 11 05 00 00 48 89 c3
0x000000010cfd2eb9:   0f b6 43 0c 0f b6 4b 0d 48 c1 e1 08 48 01 c1 0f
0x000000010cfd2ec9:   b6 43 0e 0f b6 53 0f 48 c1 e2 08 48 01 c2 48 c1 

Register to memory mapping:

RAX=0x00007f89d4c14240 is an unknown value
RBX=0x0000000111c09db5 is an unknown value
RCX=0x0000000000000001 is an unknown value
RDX=0x0000000000000400 is an unknown value
RSP=0x000070000bed99a0 is pointing into the stack for thread: 0x00007f89d6c67800
RBP=0x000070000bed9a00 is pointing into the stack for thread: 0x00007f89d6c67800
RSI=0x0000000000000008 is an unknown value
RDI=0x00000000000004da is an unknown value
R8 =0x0000000000000048 is an unknown value
R9 =0x00007f89d4c4dbe0 is an unknown value
R10=0x00000000fffffff8 is an unknown value
R11=0x0000000000000002 is an unknown value
R12=0x0000000111e7e000 is an unknown value
R13=0x00000000000015b0 is an unknown value
R14=0x0000000020910464 is an unknown value
R15=0x00007f89d4c37dc0 is an unknown value


Stack: [0x000070000bddd000,0x000070000bedd000],  sp=0x000070000bed99a0,  free space=1010k
Native frames: (J=compiled Java code, j=interpreted, Vv=VM code, C=native code)
C  [libzip.dylib+0x2eb9]  newEntry+0x154
C  [libzip.dylib+0x3554]  ZIP_GetEntry2+0xd4
C  [libzip.dylib+0x234f]  Java_java_util_zip_ZipFile_getEntry+0xcf
J 180  java.util.zip.ZipFile.getEntry(J[BZ)J (0 bytes) @ 0x00000001127fd34e [0x00000001127fd280+0xce]
J 802 C2 sun.misc.URLClassPath$JarLoader.getResource(Ljava/lang/String;Z)Lsun/misc/Resource; (85 bytes) @ 0x0000000112a30120 [0x0000000112a2fbe0+0x540]
J 214 C1 sun.misc.URLClassPath.getResource(Ljava/lang/String;Z)Lsun/misc/Resource; (83 bytes) @ 0x000000011281276c [0x0000000112812600+0x16c]
J 222 C1 java.net.URLClassLoader$1.run()Ljava/lang/Class; (63 bytes) @ 0x0000000112818b7c [0x0000000112818960+0x21c]
J 221 C1 java.net.URLClassLoader$1.run()Ljava/lang/Object; (5 bytes) @ 0x00000001128185cc [0x0000000112818540+0x8c]
v  ~StubRoutines::call_stub
V  [libjvm.dylib+0x2eab0e]  JavaCalls::call_helper(JavaValue*, methodHandle*, JavaCallArguments*, Thread*)+0x6ae
V  [libjvm.dylib+0x34afd8]  JVM_DoPrivileged+0x4b8
J 220  java.security.AccessController.doPrivileged(Ljava/security/PrivilegedExceptionAction;Ljava/security/AccessControlContext;)Ljava/lang/Object; (0 bytes) @ 0x0000000112818295 [0x00000001128181c0+0xd5]
J 190 C1 java.net.URLClassLoader.findClass(Ljava/lang/String;)Ljava/lang/Class; (47 bytes) @ 0x00000001128062d4 [0x0000000112806140+0x194]
J 140 C1 java.lang.ClassLoader.loadClass(Ljava/lang/String;Z)Ljava/lang/Class; (122 bytes) @ 0x00000001127e8ee4 [0x00000001127e8580+0x964]
J 210 C1 sun.misc.Launcher$AppClassLoader.loadClass(Ljava/lang/String;Z)Ljava/lang/Class; (85 bytes) @ 0x0000000112811224 [0x0000000112810880+0x9a4]
J 209 C1 java.lang.ClassLoader.loadClass(Ljava/lang/String;)Ljava/lang/Class; (7 bytes) @ 0x0000000112810144 [0x0000000112810040+0x104]
v  ~StubRoutines::call_stub
V  [libjvm.dylib+0x2eab0e]  JavaCalls::call_helper(JavaValue*, methodHandle*, JavaCallArguments*, Thread*)+0x6ae
V  [libjvm.dylib+0x2eb29c]  JavaCalls::call_virtual(JavaValue*, KlassHandle, Symbol*, Symbol*, JavaCallArguments*, Thread*)+0x164
V  [libjvm.dylib+0x2eb3f4]  JavaCalls::call_virtual(JavaValue*, Handle, KlassHandle, Symbol*, Symbol*, Handle, Thread*)+0x56
V  [libjvm.dylib+0x533650]  SystemDictionary::load_instance_class(Symbol*, Handle, Thread*)+0x2d8
V  [libjvm.dylib+0x532de9]  SystemDictionary::resolve_instance_class_or_null(Symbol*, Handle, Handle, Thread*)+0x48f
V  [libjvm.dylib+0x53386c]  SystemDictionary::resolve_or_null(Symbol*, Handle, Handle, Thread*)+0x106
V  [libjvm.dylib+0x533edb]  SystemDictionary::resolve_or_fail(Symbol*, Handle, Handle, bool, Thread*)+0x31
V  [libjvm.dylib+0x1e1796]  ConstantPool::klass_at_impl(constantPoolHandle, int, Thread*)+0x2ee
V  [libjvm.dylib+0x1f1a5a]  ConstantPool::klass_at(int, Thread*)+0x92
V  [libjvm.dylib+0x2e64eb]  InterpreterRuntime::_new(JavaThread*, ConstantPool*, int)+0x2d
j  org.apache.log4j.spi.LoggingEvent.<init>(Ljava/lang/String;Lorg/apache/log4j/Category;Lorg/apache/log4j/Priority;Ljava/lang/Object;Ljava/lang/Throwable;)V+49
j  org.apache.log4j.Category.forcedLog(Ljava/lang/String;Lorg/apache/log4j/Priority;Ljava/lang/Object;Ljava/lang/Throwable;)V+11
j  org.apache.log4j.Category.log(Ljava/lang/String;Lorg/apache/log4j/Priority;Ljava/lang/Object;Ljava/lang/Throwable;)V+34
j  org.slf4j.impl.Log4jLoggerAdapter.warn(Ljava/lang/String;Ljava/lang/Throwable;)V+12
j  org.mortbay.log.Slf4jLog.warn(Ljava/lang/String;Ljava/lang/Throwable;)V+34
j  org.mortbay.jetty.handler.ContextHandler$SContext.log(Ljava/lang/String;Ljava/lang/Throwable;)V+9
j  org.mortbay.jetty.servlet.ServletHolder.makeUnavailable(Ljava/lang/Throwable;)V+28
j  org.mortbay.jetty.servlet.ServletHolder.initServlet()V+173
j  org.mortbay.jetty.servlet.ServletHolder.getServlet()Ljavax/servlet/Servlet;+61
j  org.mortbay.jetty.servlet.ServletHolder.handle(Ljavax/servlet/ServletRequest;Ljavax/servlet/ServletResponse;)V+44
j  org.mortbay.jetty.servlet.ServletHandler.handle(Ljava/lang/String;Ljavax/servlet/http/HttpServletRequest;Ljavax/servlet/http/HttpServletResponse;I)V+477
j  org.mortbay.jetty.servlet.SessionHandler.handle(Ljava/lang/String;Ljavax/servlet/http/HttpServletRequest;Ljavax/servlet/http/HttpServletResponse;I)V+225
j  org.mortbay.jetty.handler.ContextHandler.handle(Ljava/lang/String;Ljavax/servlet/http/HttpServletRequest;Ljavax/servlet/http/HttpServletResponse;I)V+721
j  org.mortbay.jetty.handler.HandlerList.handle(Ljava/lang/String;Ljavax/servlet/http/HttpServletRequest;Ljavax/servlet/http/HttpServletResponse;I)V+47
j  org.mortbay.jetty.handler.HandlerWrapper.handle(Ljava/lang/String;Ljavax/servlet/http/HttpServletRequest;Ljavax/servlet/http/HttpServletResponse;I)V+23
j  org.mortbay.jetty.Server.handle(Lorg/mortbay/jetty/HttpConnection;)V+56
j  org.mortbay.jetty.HttpConnection.handleRequest()V+137
j  org.mortbay.jetty.HttpConnection$RequestHandler.headerComplete()V+512
j  org.mortbay.jetty.HttpParser.parseNext()J+1797
j  org.mortbay.jetty.HttpParser.parseAvailable()J+1
j  org.mortbay.jetty.HttpConnection.handle()V+122
j  org.mortbay.jetty.bio.SocketConnector$Connection.run()V+130
j  org.mortbay.thread.QueuedThreadPool$PoolThread.run()V+25
v  ~StubRoutines::call_stub
V  [libjvm.dylib+0x2eab0e]  JavaCalls::call_helper(JavaValue*, methodHandle*, JavaCallArguments*, Thread*)+0x6ae
V  [libjvm.dylib+0x2eb29c]  JavaCalls::call_virtual(JavaValue*, KlassHandle, Symbol*, Symbol*, JavaCallArguments*, Thread*)+0x164
V  [libjvm.dylib+0x2eb448]  JavaCalls::call_virtual(JavaValue*, Handle, KlassHandle, Symbol*, Symbol*, Thread*)+0x4a
V  [libjvm.dylib+0x345965]  thread_entry(JavaThread*, Thread*)+0x7c
V  [libjvm.dylib+0x5612d3]  JavaThread::thread_main_inner()+0x9b
V  [libjvm.dylib+0x5629ce]  JavaThread::run()+0x1c2
V  [libjvm.dylib+0x48343a]  java_start(Thread*)+0xf6
C  [libsystem_pthread.dylib+0x3aab]  _pthread_body+0xb4
C  [libsystem_pthread.dylib+0x39f7]  _pthread_body+0x0
C  [libsystem_pthread.dylib+0x3221]  thread_start+0xd
C  0x0000000000000000

Java frames: (J=compiled Java code, j=interpreted, Vv=VM code)
J 180  java.util.zip.ZipFile.getEntry(J[BZ)J (0 bytes) @ 0x00000001127fd2d8 [0x00000001127fd280+0x58]
J 802 C2 sun.misc.URLClassPath$JarLoader.getResource(Ljava/lang/String;Z)Lsun/misc/Resource; (85 bytes) @ 0x0000000112a30120 [0x0000000112a2fbe0+0x540]
J 214 C1 sun.misc.URLClassPath.getResource(Ljava/lang/String;Z)Lsun/misc/Resource; (83 bytes) @ 0x000000011281276c [0x0000000112812600+0x16c]
J 222 C1 java.net.URLClassLoader$1.run()Ljava/lang/Class; (63 bytes) @ 0x0000000112818b7c [0x0000000112818960+0x21c]
J 221 C1 java.net.URLClassLoader$1.run()Ljava/lang/Object; (5 bytes) @ 0x00000001128185cc [0x0000000112818540+0x8c]
v  ~StubRoutines::call_stub
J 220  java.security.AccessController.doPrivileged(Ljava/security/PrivilegedExceptionAction;Ljava/security/AccessControlContext;)Ljava/lang/Object; (0 bytes) @ 0x0000000112818223 [0x00000001128181c0+0x63]
J 190 C1 java.net.URLClassLoader.findClass(Ljava/lang/String;)Ljava/lang/Class; (47 bytes) @ 0x00000001128062d4 [0x0000000112806140+0x194]
J 140 C1 java.lang.ClassLoader.loadClass(Ljava/lang/String;Z)Ljava/lang/Class; (122 bytes) @ 0x00000001127e8ee4 [0x00000001127e8580+0x964]
J 210 C1 sun.misc.Launcher$AppClassLoader.loadClass(Ljava/lang/String;Z)Ljava/lang/Class; (85 bytes) @ 0x0000000112811224 [0x0000000112810880+0x9a4]
J 209 C1 java.lang.ClassLoader.loadClass(Ljava/lang/String;)Ljava/lang/Class; (7 bytes) @ 0x0000000112810144 [0x0000000112810040+0x104]
v  ~StubRoutines::call_stub
j  org.apache.log4j.spi.LoggingEvent.<init>(Ljava/lang/String;Lorg/apache/log4j/Category;Lorg/apache/log4j/Priority;Ljava/lang/Object;Ljava/lang/Throwable;)V+49
j  org.apache.log4j.Category.forcedLog(Ljava/lang/String;Lorg/apache/log4j/Priority;Ljava/lang/Object;Ljava/lang/Throwable;)V+11
j  org.apache.log4j.Category.log(Ljava/lang/String;Lorg/apache/log4j/Priority;Ljava/lang/Object;Ljava/lang/Throwable;)V+34
j  org.slf4j.impl.Log4jLoggerAdapter.warn(Ljava/lang/String;Ljava/lang/Throwable;)V+12
j  org.mortbay.log.Slf4jLog.warn(Ljava/lang/String;Ljava/lang/Throwable;)V+34
j  org.mortbay.jetty.handler.ContextHandler$SContext.log(Ljava/lang/String;Ljava/lang/Throwable;)V+9
j  org.mortbay.jetty.servlet.ServletHolder.makeUnavailable(Ljava/lang/Throwable;)V+28
j  org.mortbay.jetty.servlet.ServletHolder.initServlet()V+173
j  org.mortbay.jetty.servlet.ServletHolder.getServlet()Ljavax/servlet/Servlet;+61
j  org.mortbay.jetty.servlet.ServletHolder.handle(Ljavax/servlet/ServletRequest;Ljavax/servlet/ServletResponse;)V+44
j  org.mortbay.jetty.servlet.ServletHandler.handle(Ljava/lang/String;Ljavax/servlet/http/HttpServletRequest;Ljavax/servlet/http/HttpServletResponse;I)V+477
j  org.mortbay.jetty.servlet.SessionHandler.handle(Ljava/lang/String;Ljavax/servlet/http/HttpServletRequest;Ljavax/servlet/http/HttpServletResponse;I)V+225
j  org.mortbay.jetty.handler.ContextHandler.handle(Ljava/lang/String;Ljavax/servlet/http/HttpServletRequest;Ljavax/servlet/http/HttpServletResponse;I)V+721
j  org.mortbay.jetty.handler.HandlerList.handle(Ljava/lang/String;Ljavax/servlet/http/HttpServletRequest;Ljavax/servlet/http/HttpServletResponse;I)V+47
j  org.mortbay.jetty.handler.HandlerWrapper.handle(Ljava/lang/String;Ljavax/servlet/http/HttpServletRequest;Ljavax/servlet/http/HttpServletResponse;I)V+23
j  org.mortbay.jetty.Server.handle(Lorg/mortbay/jetty/HttpConnection;)V+56
j  org.mortbay.jetty.HttpConnection.handleRequest()V+137
j  org.mortbay.jetty.HttpConnection$RequestHandler.headerComplete()V+512
j  org.mortbay.jetty.HttpParser.parseNext()J+1797
j  org.mortbay.jetty.HttpParser.parseAvailable()J+1
j  org.mortbay.jetty.HttpConnection.handle()V+122
j  org.mortbay.jetty.bio.SocketConnector$Connection.run()V+130
j  org.mortbay.thread.QueuedThreadPool$PoolThread.run()V+25
v  ~StubRoutines::call_stub

---------------  P R O C E S S  ---------------

Java Threads: ( => current thread )
  0x00007f89d52c7800 JavaThread "Timer-0" daemon [_thread_blocked, id=21251, stack(0x000070000bfe3000,0x000070000c0e3000)]
  0x00007f89d6a62800 JavaThread "682930446@qtp-545448164-1 - Acceptor0 SocketConnector@0.0.0.0:8091" [_thread_in_native, id=20739, stack(0x000070000bee0000,0x000070000bfe0000)]
=>0x00007f89d6c67800 JavaThread "528938970@qtp-545448164-0 - /sandbox/isactive" [_thread_in_native, id=20227, stack(0x000070000bddd000,0x000070000bedd000)]
  0x00007f89d593b800 JavaThread "org.apache.commons.vfs.cache.SoftRefFilesCache$SoftRefReleaseThread" daemon [_thread_blocked, id=19715, stack(0x000070000bcda000,0x000070000bdda000)]
  0x00007f89d5885800 JavaThread "Service Thread" daemon [_thread_blocked, id=18691, stack(0x000070000bad4000,0x000070000bbd4000)]
  0x00007f89d585e000 JavaThread "C1 CompilerThread2" daemon [_thread_blocked, id=18179, stack(0x000070000b9d1000,0x000070000bad1000)]
  0x00007f89d583b000 JavaThread "C2 CompilerThread1" daemon [_thread_blocked, id=17667, stack(0x000070000b8ce000,0x000070000b9ce000)]
  0x00007f89d583a800 JavaThread "C2 CompilerThread0" daemon [_thread_blocked, id=17155, stack(0x000070000b7cb000,0x000070000b8cb000)]
  0x00007f89d581f000 JavaThread "Signal Dispatcher" daemon [_thread_blocked, id=16643, stack(0x000070000b6c8000,0x000070000b7c8000)]
  0x00007f89d581a000 JavaThread "Finalizer" daemon [_thread_blocked, id=12547, stack(0x000070000b5c5000,0x000070000b6c5000)]
  0x00007f89d5811000 JavaThread "Reference Handler" daemon [_thread_blocked, id=12035, stack(0x000070000b4c2000,0x000070000b5c2000)]
  0x00007f89d6002800 JavaThread "main" [_thread_blocked, id=7171, stack(0x000070000aeb0000,0x000070000afb0000)]

Other Threads:
  0x00007f89d580e000 VMThread [stack: 0x000070000b3bf000,0x000070000b4bf000] [id=11523]
  0x00007f89d6001000 WatcherThread [stack: 0x000070000bbd7000,0x000070000bcd7000] [id=19203]

VM state:not at safepoint (normal execution)

VM Mutex/Monitor currently owned by a thread: None

Heap:
 PSYoungGen      total 272896K, used 96008K [0x000000076ab00000, 0x000000077c000000, 0x00000007c0000000)
  eden space 262144K, 32% used [0x000000076ab00000,0x000000076fe49bf0,0x000000077ab00000)
  from space 10752K, 99% used [0x000000077b580000,0x000000077bff8660,0x000000077c000000)
  to   space 10752K, 0% used [0x000000077ab00000,0x000000077ab00000,0x000000077b580000)
 ParOldGen       total 175104K, used 37668K [0x00000006c0000000, 0x00000006cab00000, 0x000000076ab00000)
  object space 175104K, 21% used [0x00000006c0000000,0x00000006c24c9078,0x00000006cab00000)
 Metaspace       used 9325K, capacity 9506K, committed 9600K, reserved 1058816K
  class space    used 1112K, capacity 1141K, committed 1152K, reserved 1048576K

Card table byte_map: [0x000000010eb49000,0x000000010f34a000] byte_map_base: 0x000000010b549000

Marking Bits: (ParMarkBitMap*) 0x000000010e0dee20
 Begin Bits: [0x000000012169a000, 0x000000012569a000)
 End Bits:   [0x000000012569a000, 0x000000012969a000)

Polling page: 0x000000010cfc6000

CodeCache: size=245760Kb used=4098Kb max_used=4118Kb free=241661Kb
 bounds [0x000000011269a000, 0x0000000112aaa000, 0x000000012169a000]
 total_blobs=1242 nmethods=933 adapters=223
 compilation: enabled

Compilation events (10 events):
Event: 10,654 Thread 0x00007f89d585e000 nmethod 932 0x0000000112a9f010 code [0x0000000112a9f360, 0x0000000112aa0c18]
Event: 10,654 Thread 0x00007f89d583a800 nmethod 933 0x0000000112a69c10 code [0x0000000112a69d60, 0x0000000112a69dd8]
Event: 10,654 Thread 0x00007f89d585e000  934       3       java.util.zip.ZipInputStream::closeEntry (31 bytes)
Event: 10,654 Thread 0x00007f89d585e000 nmethod 934 0x0000000112a8e4d0 code [0x0000000112a8e680, 0x0000000112a8eab8]
Event: 10,659 Thread 0x00007f89d583b000  935       4       java.util.jar.JarInputStream::read (48 bytes)
Event: 10,660 Thread 0x00007f89d583a800  936       4       java.util.zip.ZipInputStream::read (304 bytes)
Event: 10,663 Thread 0x00007f89d583b000 nmethod 935 0x0000000112a8db50 code [0x0000000112a8dce0, 0x0000000112a8e078]
Event: 10,663 Thread 0x00007f89d583a800 nmethod 936 0x0000000112a7d8d0 code [0x0000000112a7da60, 0x0000000112a7dd58]
Event: 10,758 Thread 0x00007f89d583b000  937 %     4       java.util.zip.ZipInputStream::closeEntry @ 4 (31 bytes)
Event: 10,763 Thread 0x00007f89d583b000 nmethod 937% 0x0000000112a901d0 code [0x0000000112a90360, 0x0000000112a90758]

GC Heap History (8 events):
Event: 0,557 GC heap before
{Heap before GC invocations=1 (full 0):
 PSYoungGen      total 76288K, used 65536K [0x000000076ab00000, 0x0000000770000000, 0x00000007c0000000)
  eden space 65536K, 100% used [0x000000076ab00000,0x000000076eb00000,0x000000076eb00000)
  from space 10752K, 0% used [0x000000076f580000,0x000000076f580000,0x0000000770000000)
  to   space 10752K, 0% used [0x000000076eb00000,0x000000076eb00000,0x000000076f580000)
 ParOldGen       total 175104K, used 0K [0x00000006c0000000, 0x00000006cab00000, 0x000000076ab00000)
  object space 175104K, 0% used [0x00000006c0000000,0x00000006c0000000,0x00000006cab00000)
 Metaspace       used 6113K, capacity 6566K, committed 6784K, reserved 1056768K
  class space    used 757K, capacity 786K, committed 896K, reserved 1048576K
Event: 0,570 GC heap after
Heap after GC invocations=1 (full 0):
 PSYoungGen      total 76288K, used 9699K [0x000000076ab00000, 0x0000000774000000, 0x00000007c0000000)
  eden space 65536K, 0% used [0x000000076ab00000,0x000000076ab00000,0x000000076eb00000)
  from space 10752K, 90% used [0x000000076eb00000,0x000000076f478c50,0x000000076f580000)
  to   space 10752K, 0% used [0x0000000773580000,0x0000000773580000,0x0000000774000000)
 ParOldGen       total 175104K, used 72K [0x00000006c0000000, 0x00000006cab00000, 0x000000076ab00000)
  object space 175104K, 0% used [0x00000006c0000000,0x00000006c0012010,0x00000006cab00000)
 Metaspace       used 6113K, capacity 6566K, committed 6784K, reserved 1056768K
  class space    used 757K, capacity 786K, committed 896K, reserved 1048576K
}
Event: 0,737 GC heap before
{Heap before GC invocations=2 (full 0):
 PSYoungGen      total 76288K, used 75235K [0x000000076ab00000, 0x0000000774000000, 0x00000007c0000000)
  eden space 65536K, 100% used [0x000000076ab00000,0x000000076eb00000,0x000000076eb00000)
  from space 10752K, 90% used [0x000000076eb00000,0x000000076f478c50,0x000000076f580000)
  to   space 10752K, 0% used [0x0000000773580000,0x0000000773580000,0x0000000774000000)
 ParOldGen       total 175104K, used 72K [0x00000006c0000000, 0x00000006cab00000, 0x000000076ab00000)
  object space 175104K, 0% used [0x00000006c0000000,0x00000006c0012010,0x00000006cab00000)
 Metaspace       used 6119K, capacity 6566K, committed 6784K, reserved 1056768K
  class space    used 757K, capacity 786K, committed 896K, reserved 1048576K
Event: 0,757 GC heap after
Heap after GC invocations=2 (full 0):
 PSYoungGen      total 141824K, used 10737K [0x000000076ab00000, 0x0000000774000000, 0x00000007c0000000)
  eden space 131072K, 0% used [0x000000076ab00000,0x000000076ab00000,0x0000000772b00000)
  from space 10752K, 99% used [0x0000000773580000,0x0000000773ffc6c8,0x0000000774000000)
  to   space 10752K, 0% used [0x0000000772b00000,0x0000000772b00000,0x0000000773580000)
 ParOldGen       total 175104K, used 5816K [0x00000006c0000000, 0x00000006cab00000, 0x000000076ab00000)
  object space 175104K, 3% used [0x00000006c0000000,0x00000006c05ae010,0x00000006cab00000)
 Metaspace       used 6119K, capacity 6566K, committed 6784K, reserved 1056768K
  class space    used 757K, capacity 786K, committed 896K, reserved 1048576K
}
Event: 1,157 GC heap before
{Heap before GC invocations=3 (full 0):
 PSYoungGen      total 141824K, used 141809K [0x000000076ab00000, 0x0000000774000000, 0x00000007c0000000)
  eden space 131072K, 100% used [0x000000076ab00000,0x0000000772b00000,0x0000000772b00000)
  from space 10752K, 99% used [0x0000000773580000,0x0000000773ffc6c8,0x0000000774000000)
  to   space 10752K, 0% used [0x0000000772b00000,0x0000000772b00000,0x0000000773580000)
 ParOldGen       total 175104K, used 5816K [0x00000006c0000000, 0x00000006cab00000, 0x000000076ab00000)
  object space 175104K, 3% used [0x00000006c0000000,0x00000006c05ae010,0x00000006cab00000)
 Metaspace       used 6122K, capacity 6566K, committed 6784K, reserved 1056768K
  class space    used 757K, capacity 786K, committed 896K, reserved 1048576K
Event: 1,185 GC heap after
Heap after GC invocations=3 (full 0):
 PSYoungGen      total 141824K, used 10747K [0x000000076ab00000, 0x000000077c000000, 0x00000007c0000000)
  eden space 131072K, 0% used [0x000000076ab00000,0x000000076ab00000,0x0000000772b00000)
  from space 10752K, 99% used [0x0000000772b00000,0x000000077357eef8,0x0000000773580000)
  to   space 10752K, 0% used [0x000000077b580000,0x000000077b580000,0x000000077c000000)
 ParOldGen       total 175104K, used 21340K [0x00000006c0000000, 0x00000006cab00000, 0x000000076ab00000)
  object space 175104K, 12% used [0x00000006c0000000,0x00000006c14d7078,0x00000006cab00000)
 Metaspace       used 6122K, capacity 6566K, committed 6784K, reserved 1056768K
  class space    used 757K, capacity 786K, committed 896K, reserved 1048576K
}
Event: 1,438 GC heap before
{Heap before GC invocations=4 (full 0):
 PSYoungGen      total 141824K, used 141819K [0x000000076ab00000, 0x000000077c000000, 0x00000007c0000000)
  eden space 131072K, 100% used [0x000000076ab00000,0x0000000772b00000,0x0000000772b00000)
  from space 10752K, 99% used [0x0000000772b00000,0x000000077357eef8,0x0000000773580000)
  to   space 10752K, 0% used [0x000000077b580000,0x000000077b580000,0x000000077c000000)
 ParOldGen       total 175104K, used 21340K [0x00000006c0000000, 0x00000006cab00000, 0x000000076ab00000)
  object space 175104K, 12% used [0x00000006c0000000,0x00000006c14d7078,0x00000006cab00000)
 Metaspace       used 6122K, capacity 6566K, committed 6784K, reserved 1056768K
  class space    used 757K, capacity 786K, committed 896K, reserved 1048576K
Event: 1,466 GC heap after
Heap after GC invocations=4 (full 0):
 PSYoungGen      total 272896K, used 10721K [0x000000076ab00000, 0x000000077c000000, 0x00000007c0000000)
  eden space 262144K, 0% used [0x000000076ab00000,0x000000076ab00000,0x000000077ab00000)
  from space 10752K, 99% used [0x000000077b580000,0x000000077bff8660,0x000000077c000000)
  to   space 10752K, 0% used [0x000000077ab00000,0x000000077ab00000,0x000000077b580000)
 ParOldGen       total 175104K, used 37668K [0x00000006c0000000, 0x00000006cab00000, 0x000000076ab00000)
  object space 175104K, 21% used [0x00000006c0000000,0x00000006c24c9078,0x00000006cab00000)
 Metaspace       used 6122K, capacity 6566K, committed 6784K, reserved 1056768K
  class space    used 757K, capacity 786K, committed 896K, reserved 1048576K
}

Deoptimization events (10 events):
Event: 1,955 Thread 0x00007f89d6002800 Uncommon trap: reason=class_check action=maybe_recompile pc=0x00000001128e3fc0 method=java.util.HashMap.putVal(ILjava/lang/Object;Ljava/lang/Object;ZZ)Ljava/lang/Object; @ 253
Event: 9,355 Thread 0x00007f89d6a62800 Uncommon trap: reason=unstable_if action=reinterpret pc=0x00000001128fb81c method=java.util.HashMap.tableSizeFor(I)I @ 37
Event: 9,396 Thread 0x00007f89d6c67800 Uncommon trap: reason=class_check action=maybe_recompile pc=0x0000000112a3caa8 method=java.util.HashMap.putVal(ILjava/lang/Object;Ljava/lang/Object;ZZ)Ljava/lang/Object; @ 91
Event: 9,406 Thread 0x00007f89d6c67800 Uncommon trap: reason=unstable_if action=reinterpret pc=0x0000000112a35c10 method=java.lang.String.substring(I)Ljava/lang/String; @ 35
Event: 10,650 Thread 0x00007f89d6c67800 Uncommon trap: reason=unstable_if action=reinterpret pc=0x0000000112a84024 method=java.util.zip.ZipInputStream.read([BII)I @ 38
Event: 10,651 Thread 0x00007f89d6c67800 Uncommon trap: reason=unstable_if action=reinterpret pc=0x0000000112a94f48 method=java.util.zip.ZipInputStream.read([BII)I @ 38
Event: 10,652 Thread 0x00007f89d6c67800 Uncommon trap: reason=unstable_if action=reinterpret pc=0x0000000112a82bc8 method=java.util.zip.ZipInputStream.read([BII)I @ 38
Event: 10,775 Thread 0x00007f89d6c67800 Uncommon trap: reason=unstable_if action=reinterpret pc=0x0000000112a8b680 method=java.io.PushbackInputStream.read([BII)I @ 122
Event: 10,775 Thread 0x00007f89d6c67800 Uncommon trap: reason=unloaded action=reinterpret pc=0x0000000112a85ce0 method=java.util.zip.InflaterInputStream.fill()V @ 33
Event: 10,776 Thread 0x00007f89d6c67800 Uncommon trap: reason=unstable_if action=reinterpret pc=0x0000000112900814 method=org.apache.log4j.spi.LoggingEvent.<init>(Ljava/lang/String;Lorg/apache/log4j/Category;Lorg/apache/log4j/Priority;Ljava/lang/Object;Ljava/lang/Throwable;)V @ 45

Internal exceptions (10 events):
Event: 0,137 Thread 0x00007f89d6002800 Exception <a 'java/lang/ClassNotFoundException': java/lang/ObjectCustomizer> (0x000000076af7bd10) thrown at [/Users/java_re/workspace/8-2-build-macosx-x86_64/jdk8u60/4407/hotspot/src/share/vm/classfile/systemDictionary.cpp, line 210]
Event: 0,139 Thread 0x00007f89d6002800 Exception <a 'java/lang/ArrayIndexOutOfBoundsException': 18> (0x000000076af7e450) thrown at [/Users/java_re/workspace/8-2-build-macosx-x86_64/jdk8u60/4407/hotspot/src/share/vm/interpreter/interpreterRuntime.cpp, line 366]
Event: 0,139 Thread 0x00007f89d6002800 Exception <a 'java/lang/ArrayIndexOutOfBoundsException': 22> (0x000000076af81800) thrown at [/Users/java_re/workspace/8-2-build-macosx-x86_64/jdk8u60/4407/hotspot/src/share/vm/interpreter/interpreterRuntime.cpp, line 366]
Event: 0,140 Thread 0x00007f89d6002800 Exception <a 'java/lang/ArrayIndexOutOfBoundsException': 160> (0x000000076af83c50) thrown at [/Users/java_re/workspace/8-2-build-macosx-x86_64/jdk8u60/4407/hotspot/src/share/vm/interpreter/interpreterRuntime.cpp, line 366]
Event: 0,142 Thread 0x00007f89d6002800 Exception <a 'java/lang/ClassNotFoundException': org/apache/log4j/LayoutCustomizer> (0x000000076af881b8) thrown at [/Users/java_re/workspace/8-2-build-macosx-x86_64/jdk8u60/4407/hotspot/src/share/vm/classfile/systemDictionary.cpp, line 210]
Event: 0,144 Thread 0x00007f89d6002800 Exception <a 'java/lang/ClassNotFoundException': org/apache/log4j/PatternLayoutCustomizer> (0x000000076af98058) thrown at [/Users/java_re/workspace/8-2-build-macosx-x86_64/jdk8u60/4407/hotspot/src/share/vm/classfile/systemDictionary.cpp, line 210]
Event: 10,650 Thread 0x00007f89d6c67800 Implicit null exception at 0x0000000112a83ae3 to 0x0000000112a84009
Event: 10,651 Thread 0x00007f89d6c67800 Implicit null exception at 0x0000000112a9242a to 0x0000000112a94f25
Event: 10,652 Thread 0x00007f89d6c67800 Implicit null exception at 0x0000000112a8299b to 0x0000000112a82bb7
Event: 10,775 Thread 0x00007f89d6c67800 Exception <a 'java/lang/reflect/InvocationTargetException'> (0x000000076f9f5e18) thrown at [/Users/java_re/workspace/8-2-build-macosx-x86_64/jdk8u60/4407/hotspot/src/share/vm/runtime/reflection.cpp, line 1092]

Events (10 events):
Event: 10,775 Thread 0x00007f89d6c67800 Uncommon trap: trap_request=0x0000002e fr.pc=0x0000000112a85ce0
Event: 10,775 Thread 0x00007f89d6c67800 DEOPT PACKING pc=0x0000000112a85ce0 sp=0x000070000bedaec0
Event: 10,775 Thread 0x00007f89d6c67800 DEOPT UNPACKING pc=0x000000011269f229 sp=0x000070000bedae58 mode 2
Event: 10,775 loading class java/util/zip/DataFormatException
Event: 10,775 loading class java/util/zip/DataFormatException done
Event: 10,776 Thread 0x00007f89d6c67800 Uncommon trap: trap_request=0xffffff65 fr.pc=0x0000000112900814
Event: 10,776 Thread 0x00007f89d6c67800 DEOPT PACKING pc=0x0000000112900814 sp=0x000070000bedbd70
Event: 10,776 Thread 0x00007f89d6c67800 DEOPT UNPACKING pc=0x000000011269f229 sp=0x000070000bedbc70 mode 2
Event: 10,776 loading class org/apache/log4j/spi/ThrowableInformation
Event: 10,776 loading class org/apache/log4j/spi/ThrowableInformation done


Dynamic libraries:
0x000000000ad86000 	/System/Library/Frameworks/Cocoa.framework/Versions/A/Cocoa
0x000000000ad86000 	/System/Library/Frameworks/Security.framework/Versions/A/Security
0x000000000ad86000 	/System/Library/Frameworks/ApplicationServices.framework/Versions/A/ApplicationServices
0x000000000ad86000 	/usr/lib/libz.1.dylib
0x000000000ad86000 	/usr/lib/libSystem.B.dylib
0x000000000ad86000 	/usr/lib/libobjc.A.dylib
0x000000000ad86000 	/System/Library/Frameworks/CoreFoundation.framework/Versions/A/CoreFoundation
0x000000000ad86000 	/System/Library/Frameworks/Foundation.framework/Versions/C/Foundation
0x000000000ad86000 	/System/Library/Frameworks/AppKit.framework/Versions/C/AppKit
0x000000000ad86000 	/System/Library/Frameworks/CoreData.framework/Versions/A/CoreData
0x000000000ad86000 	/System/Library/PrivateFrameworks/RemoteViewServices.framework/Versions/A/RemoteViewServices
0x000000000ad86000 	/System/Library/PrivateFrameworks/UIFoundation.framework/Versions/A/UIFoundation
0x000000000ad86000 	/usr/lib/libenergytrace.dylib
0x000000000ad86000 	/System/Library/PrivateFrameworks/SkyLight.framework/Versions/A/SkyLight
0x000000000ad86000 	/System/Library/Frameworks/CoreGraphics.framework/Versions/A/CoreGraphics
0x000000000ad86000 	/usr/lib/libScreenReader.dylib
0x000000000ad86000 	/System/Library/Frameworks/Accelerate.framework/Versions/A/Accelerate
0x000000000ad86000 	/System/Library/Frameworks/IOSurface.framework/Versions/A/IOSurface
0x000000000ad86000 	/System/Library/Frameworks/AudioToolbox.framework/Versions/A/AudioToolbox
0x000000000ad86000 	/System/Library/Frameworks/AudioUnit.framework/Versions/A/AudioUnit
0x000000000ad86000 	/System/Library/PrivateFrameworks/DataDetectorsCore.framework/Versions/A/DataDetectorsCore
0x000000000ad86000 	/System/Library/PrivateFrameworks/DesktopServicesPriv.framework/Versions/A/DesktopServicesPriv
0x000000000ad86000 	/System/Library/Frameworks/Carbon.framework/Versions/A/Frameworks/HIToolbox.framework/Versions/A/HIToolbox
0x000000000ad86000 	/usr/lib/libicucore.A.dylib
0x000000000ad86000 	/System/Library/Frameworks/QuartzCore.framework/Versions/A/QuartzCore
0x000000000ad86000 	/System/Library/Frameworks/Carbon.framework/Versions/A/Frameworks/SpeechRecognition.framework/Versions/A/SpeechRecognition
0x000000000ad86000 	/usr/lib/libauto.dylib
0x000000000ad86000 	/usr/lib/libxml2.2.dylib
0x000000000ad86000 	/System/Library/PrivateFrameworks/CoreUI.framework/Versions/A/CoreUI
0x000000000ad86000 	/System/Library/Frameworks/CoreAudio.framework/Versions/A/CoreAudio
0x000000000ad86000 	/System/Library/Frameworks/DiskArbitration.framework/Versions/A/DiskArbitration
0x000000000ad86000 	/usr/lib/liblangid.dylib
0x000000000ad86000 	/System/Library/PrivateFrameworks/MultitouchSupport.framework/Versions/A/MultitouchSupport
0x000000000ad86000 	/System/Library/Frameworks/IOKit.framework/Versions/A/IOKit
0x000000000ad86000 	/usr/lib/libDiagnosticMessagesClient.dylib
0x000000000ad86000 	/System/Library/Frameworks/CoreServices.framework/Versions/A/CoreServices
0x000000000ad86000 	/System/Library/PrivateFrameworks/PerformanceAnalysis.framework/Versions/A/PerformanceAnalysis
0x000000000ad86000 	/System/Library/PrivateFrameworks/GenerationalStorage.framework/Versions/A/GenerationalStorage
0x000000000ad86000 	/System/Library/Frameworks/OpenGL.framework/Versions/A/OpenGL
0x000000000ad86000 	/System/Library/Frameworks/CoreImage.framework/Versions/A/CoreImage
0x000000000ad86000 	/System/Library/Frameworks/CoreText.framework/Versions/A/CoreText
0x000000000ad86000 	/System/Library/Frameworks/ImageIO.framework/Versions/A/ImageIO
0x000000000ad86000 	/System/Library/PrivateFrameworks/Backup.framework/Versions/A/Backup
0x000000000ad86000 	/usr/lib/libarchive.2.dylib
0x000000000ad86000 	/System/Library/Frameworks/CFNetwork.framework/Versions/A/CFNetwork
0x000000000ad86000 	/System/Library/Frameworks/SystemConfiguration.framework/Versions/A/SystemConfiguration
0x000000000ad86000 	/usr/lib/libCRFSuite.dylib
0x000000000ad86000 	/usr/lib/libc++.1.dylib
0x000000000ad86000 	/usr/lib/libc++abi.dylib
0x000000000ad86000 	/usr/lib/system/libcache.dylib
0x000000000ad86000 	/usr/lib/system/libcommonCrypto.dylib
0x000000000ad86000 	/usr/lib/system/libcompiler_rt.dylib
0x000000000ad86000 	/usr/lib/system/libcopyfile.dylib
0x000000000ad86000 	/usr/lib/system/libcorecrypto.dylib
0x000000000ad86000 	/usr/lib/system/libdispatch.dylib
0x000000000ad86000 	/usr/lib/system/libdyld.dylib
0x000000000ad86000 	/usr/lib/system/libkeymgr.dylib
0x000000000ad86000 	/usr/lib/system/liblaunch.dylib
0x000000000ad86000 	/usr/lib/system/libmacho.dylib
0x000000000ad86000 	/usr/lib/system/libquarantine.dylib
0x000000000ad86000 	/usr/lib/system/libremovefile.dylib
0x000000000ad86000 	/usr/lib/system/libsystem_asl.dylib
0x000000000ad86000 	/usr/lib/system/libsystem_blocks.dylib
0x000000000ad86000 	/usr/lib/system/libsystem_c.dylib
0x000000000ad86000 	/usr/lib/system/libsystem_configuration.dylib
0x000000000ad86000 	/usr/lib/system/libsystem_coreservices.dylib
0x000000000ad86000 	/usr/lib/system/libsystem_coretls.dylib
0x000000000ad86000 	/usr/lib/system/libsystem_dnssd.dylib
0x000000000ad86000 	/usr/lib/system/libsystem_info.dylib
0x000000000ad86000 	/usr/lib/system/libsystem_kernel.dylib
0x000000000ad86000 	/usr/lib/system/libsystem_m.dylib
0x000000000ad86000 	/usr/lib/system/libsystem_malloc.dylib
0x000000000ad86000 	/usr/lib/system/libsystem_network.dylib
0x000000000ad86000 	/usr/lib/system/libsystem_networkextension.dylib
0x000000000ad86000 	/usr/lib/system/libsystem_notify.dylib
0x000000000ad86000 	/usr/lib/system/libsystem_platform.dylib
0x000000000ad86000 	/usr/lib/system/libsystem_pthread.dylib
0x000000000ad86000 	/usr/lib/system/libsystem_sandbox.dylib
0x000000000ad86000 	/usr/lib/system/libsystem_secinit.dylib
0x000000000ad86000 	/usr/lib/system/libsystem_symptoms.dylib
0x000000000ad86000 	/usr/lib/system/libsystem_trace.dylib
0x000000000ad86000 	/usr/lib/system/libunwind.dylib
0x000000000ad86000 	/usr/lib/system/libxpc.dylib
0x000000000ad86000 	/usr/lib/libbsm.0.dylib
0x000000000ad86000 	/usr/lib/system/libkxld.dylib
0x000000000ad86000 	/usr/lib/libcoretls.dylib
0x000000000ad86000 	/usr/lib/libcoretls_cfhelpers.dylib
0x000000000ad86000 	/usr/lib/libxar.1.dylib
0x000000000ad86000 	/usr/lib/libsqlite3.dylib
0x000000000ad86000 	/usr/lib/libpam.2.dylib
0x000000000ad86000 	/usr/lib/libOpenScriptingUtil.dylib
0x000000000ad86000 	/usr/lib/libbz2.1.0.dylib
0x000000000ad86000 	/usr/lib/liblzma.5.dylib
0x000000000ad86000 	/usr/lib/libnetwork.dylib
0x000000000ad86000 	/usr/lib/libpcap.A.dylib
0x000000000ad86000 	/System/Library/Frameworks/CoreServices.framework/Versions/A/Frameworks/FSEvents.framework/Versions/A/FSEvents
0x000000000ad86000 	/System/Library/Frameworks/CoreServices.framework/Versions/A/Frameworks/CarbonCore.framework/Versions/A/CarbonCore
0x000000000ad86000 	/System/Library/Frameworks/CoreServices.framework/Versions/A/Frameworks/Metadata.framework/Versions/A/Metadata
0x000000000ad86000 	/System/Library/Frameworks/CoreServices.framework/Versions/A/Frameworks/OSServices.framework/Versions/A/OSServices
0x000000000ad86000 	/System/Library/Frameworks/CoreServices.framework/Versions/A/Frameworks/SearchKit.framework/Versions/A/SearchKit
0x000000000ad86000 	/System/Library/Frameworks/CoreServices.framework/Versions/A/Frameworks/AE.framework/Versions/A/AE
0x000000000ad86000 	/System/Library/Frameworks/CoreServices.framework/Versions/A/Frameworks/LaunchServices.framework/Versions/A/LaunchServices
0x000000000ad86000 	/System/Library/Frameworks/CoreServices.framework/Versions/A/Frameworks/DictionaryServices.framework/Versions/A/DictionaryServices
0x000000000ad86000 	/System/Library/Frameworks/CoreServices.framework/Versions/A/Frameworks/SharedFileList.framework/Versions/A/SharedFileList
0x000000000ad86000 	/System/Library/Frameworks/NetFS.framework/Versions/A/NetFS
0x000000000ad86000 	/System/Library/PrivateFrameworks/NetAuth.framework/Versions/A/NetAuth
0x000000000ad86000 	/System/Library/PrivateFrameworks/login.framework/Versions/A/Frameworks/loginsupport.framework/Versions/A/loginsupport
0x000000000ad86000 	/System/Library/PrivateFrameworks/TCC.framework/Versions/A/TCC
0x000000000ad86000 	/usr/lib/libmecabra.dylib
0x000000000ad86000 	/System/Library/Frameworks/ApplicationServices.framework/Versions/A/Frameworks/ATS.framework/Versions/A/ATS
0x000000000ad86000 	/System/Library/Frameworks/ApplicationServices.framework/Versions/A/Frameworks/ColorSync.framework/Versions/A/ColorSync
0x000000000ad86000 	/System/Library/Frameworks/ApplicationServices.framework/Versions/A/Frameworks/HIServices.framework/Versions/A/HIServices
0x000000000ad86000 	/System/Library/Frameworks/ApplicationServices.framework/Versions/A/Frameworks/LangAnalysis.framework/Versions/A/LangAnalysis
0x000000000ad86000 	/System/Library/Frameworks/ApplicationServices.framework/Versions/A/Frameworks/PrintCore.framework/Versions/A/PrintCore
0x000000000ad86000 	/System/Library/Frameworks/ApplicationServices.framework/Versions/A/Frameworks/QD.framework/Versions/A/QD
0x000000000ad86000 	/System/Library/Frameworks/ApplicationServices.framework/Versions/A/Frameworks/SpeechSynthesis.framework/Versions/A/SpeechSynthesis
0x000000000ad86000 	/System/Library/Frameworks/Accelerate.framework/Versions/A/Frameworks/vImage.framework/Versions/A/vImage
0x000000000ad86000 	/System/Library/Frameworks/Accelerate.framework/Versions/A/Frameworks/vecLib.framework/Versions/A/vecLib
0x000000000ad86000 	/System/Library/Frameworks/Accelerate.framework/Versions/A/Frameworks/vecLib.framework/Versions/A/libvDSP.dylib
0x000000000ad86000 	/System/Library/Frameworks/Accelerate.framework/Versions/A/Frameworks/vecLib.framework/Versions/A/libBNNS.dylib
0x000000000ad86000 	/System/Library/Frameworks/Accelerate.framework/Versions/A/Frameworks/vecLib.framework/Versions/A/libQuadrature.dylib
0x000000000ad86000 	/System/Library/Frameworks/Accelerate.framework/Versions/A/Frameworks/vecLib.framework/Versions/A/libvMisc.dylib
0x000000000ad86000 	/System/Library/Frameworks/Accelerate.framework/Versions/A/Frameworks/vecLib.framework/Versions/A/libLAPACK.dylib
0x000000000ad86000 	/System/Library/Frameworks/Accelerate.framework/Versions/A/Frameworks/vecLib.framework/Versions/A/libBLAS.dylib
0x000000000ad86000 	/System/Library/Frameworks/Accelerate.framework/Versions/A/Frameworks/vecLib.framework/Versions/A/libLinearAlgebra.dylib
0x000000000ad86000 	/System/Library/Frameworks/Accelerate.framework/Versions/A/Frameworks/vecLib.framework/Versions/A/libSparseBLAS.dylib
0x000000000ad86000 	/System/Library/Frameworks/ApplicationServices.framework/Versions/A/Frameworks/ATS.framework/Versions/A/Resources/libFontParser.dylib
0x000000000ad86000 	/System/Library/Frameworks/ApplicationServices.framework/Versions/A/Frameworks/ATS.framework/Versions/A/Resources/libFontRegistry.dylib
0x000000000ad86000 	/System/Library/Frameworks/ImageIO.framework/Versions/A/Resources/libJPEG.dylib
0x000000000ad86000 	/System/Library/Frameworks/ImageIO.framework/Versions/A/Resources/libTIFF.dylib
0x000000000ad86000 	/System/Library/Frameworks/ImageIO.framework/Versions/A/Resources/libPng.dylib
0x000000000ad86000 	/System/Library/Frameworks/ImageIO.framework/Versions/A/Resources/libGIF.dylib
0x000000000ad86000 	/System/Library/Frameworks/ImageIO.framework/Versions/A/Resources/libJP2.dylib
0x000000000ad86000 	/System/Library/Frameworks/ImageIO.framework/Versions/A/Resources/libRadiance.dylib
0x000000000ad86000 	/usr/lib/libcompression.dylib
0x000000000ad86000 	/System/Library/PrivateFrameworks/AppleJPEG.framework/Versions/A/AppleJPEG
0x000000000ad86000 	/usr/lib/libcups.2.dylib
0x000000000ad86000 	/System/Library/Frameworks/Kerberos.framework/Versions/A/Kerberos
0x000000000ad86000 	/System/Library/Frameworks/GSS.framework/Versions/A/GSS
0x000000000ad86000 	/usr/lib/libresolv.9.dylib
0x000000000ad86000 	/usr/lib/libiconv.2.dylib
0x000000000ad86000 	/System/Library/PrivateFrameworks/Heimdal.framework/Versions/A/Heimdal
0x000000000ad86000 	/usr/lib/libheimdal-asn1.dylib
0x000000000ad86000 	/System/Library/Frameworks/OpenDirectory.framework/Versions/A/OpenDirectory
0x000000000ad86000 	/System/Library/PrivateFrameworks/CommonAuth.framework/Versions/A/CommonAuth
0x000000000ad86000 	/System/Library/Frameworks/OpenDirectory.framework/Versions/A/Frameworks/CFOpenDirectory.framework/Versions/A/CFOpenDirectory
0x000000000ad86000 	/System/Library/Frameworks/SecurityFoundation.framework/Versions/A/SecurityFoundation
0x000000000ad86000 	/System/Library/PrivateFrameworks/LanguageModeling.framework/Versions/A/LanguageModeling
0x000000000ad86000 	/usr/lib/libmarisa.dylib
0x000000000ad86000 	/usr/lib/libChineseTokenizer.dylib
0x000000000ad86000 	/usr/lib/libcmph.dylib
0x000000000ad86000 	/System/Library/PrivateFrameworks/CoreEmoji.framework/Versions/A/CoreEmoji
0x000000000ad86000 	/System/Library/Frameworks/ServiceManagement.framework/Versions/A/ServiceManagement
0x000000000ad86000 	/usr/lib/libxslt.1.dylib
0x000000000ad86000 	/System/Library/Frameworks/Carbon.framework/Versions/A/Frameworks/Ink.framework/Versions/A/Ink
0x000000000ad86000 	/System/Library/PrivateFrameworks/TextureIO.framework/Versions/A/TextureIO
0x000000000ad86000 	/System/Library/Frameworks/Metal.framework/Versions/A/Metal
0x000000000ad86000 	/usr/lib/libate.dylib
0x000000000ad86000 	/System/Library/PrivateFrameworks/GPUCompiler.framework/libmetal_timestamp.dylib
0x000000000ad86000 	/System/Library/Frameworks/OpenGL.framework/Versions/A/Libraries/libCoreFSCache.dylib
0x000000000ad86000 	/System/Library/PrivateFrameworks/IOAccelerator.framework/Versions/A/IOAccelerator
0x000000000ad86000 	/System/Library/Frameworks/CoreVideo.framework/Versions/A/CoreVideo
0x000000000ad86000 	/usr/lib/libFosl_dynamic.dylib
0x000000000ad86000 	/System/Library/PrivateFrameworks/MetalPerformanceShaders.framework/Versions/A/MetalPerformanceShaders
0x000000000ad86000 	/System/Library/PrivateFrameworks/FaceCore.framework/Versions/A/FaceCore
0x000000000ad86000 	/System/Library/Frameworks/OpenCL.framework/Versions/A/OpenCL
0x000000000ad86000 	/System/Library/Frameworks/OpenGL.framework/Versions/A/Libraries/libGLU.dylib
0x000000000ad86000 	/System/Library/Frameworks/OpenGL.framework/Versions/A/Libraries/libGFXShared.dylib
0x000000000ad86000 	/System/Library/Frameworks/OpenGL.framework/Versions/A/Libraries/libGL.dylib
0x000000000ad86000 	/System/Library/Frameworks/OpenGL.framework/Versions/A/Libraries/libGLImage.dylib
0x000000000ad86000 	/System/Library/Frameworks/OpenGL.framework/Versions/A/Libraries/libCVMSPluginSupport.dylib
0x000000000ad86000 	/System/Library/Frameworks/OpenGL.framework/Versions/A/Libraries/libCoreVMClient.dylib
0x000000000ad86000 	/System/Library/PrivateFrameworks/CrashReporterSupport.framework/Versions/A/CrashReporterSupport
0x000000000ad86000 	/System/Library/PrivateFrameworks/Sharing.framework/Versions/A/Sharing
0x000000000ad86000 	/System/Library/PrivateFrameworks/IconServices.framework/Versions/A/IconServices
0x000000000ad86000 	/System/Library/PrivateFrameworks/ProtocolBuffer.framework/Versions/A/ProtocolBuffer
0x000000000ad86000 	/System/Library/PrivateFrameworks/Apple80211.framework/Versions/A/Apple80211
0x000000000ad86000 	/System/Library/Frameworks/CoreWLAN.framework/Versions/A/CoreWLAN
0x000000000ad86000 	/System/Library/PrivateFrameworks/CoreUtils.framework/Versions/A/CoreUtils
0x000000000ad86000 	/System/Library/Frameworks/IOBluetooth.framework/Versions/A/IOBluetooth
0x000000000ad86000 	/System/Library/PrivateFrameworks/CoreWiFi.framework/Versions/A/CoreWiFi
0x000000000ad86000 	/System/Library/Frameworks/CoreBluetooth.framework/Versions/A/CoreBluetooth
0x000000000ad86000 	/System/Library/Frameworks/CoreDisplay.framework/Versions/A/CoreDisplay
0x000000000ad86000 	/System/Library/PrivateFrameworks/IOPresentment.framework/Versions/A/IOPresentment
0x000000000ad86000 	/System/Library/PrivateFrameworks/DebugSymbols.framework/Versions/A/DebugSymbols
0x000000000ad86000 	/System/Library/PrivateFrameworks/CoreSymbolication.framework/Versions/A/CoreSymbolication
0x000000000ad86000 	/System/Library/PrivateFrameworks/Symbolication.framework/Versions/A/Symbolication
0x000000000ad86000 	/System/Library/PrivateFrameworks/AppleFSCompression.framework/Versions/A/AppleFSCompression
0x000000000ad86000 	/System/Library/PrivateFrameworks/SpeechRecognitionCore.framework/Versions/A/SpeechRecognitionCore
0x000000000ad86000 	/System/Library/PrivateFrameworks/ChunkingLibrary.framework/Versions/A/ChunkingLibrary
0x000000010d800000 	/Library/Java/JavaVirtualMachines/jdk1.8.0_60.jdk/Contents/Home/jre/lib/server/libjvm.dylib
0x000000000ad86000 	/usr/lib/libstdc++.6.dylib
0x000000010cf83000 	/Library/Java/JavaVirtualMachines/jdk1.8.0_60.jdk/Contents/Home/jre/lib/libverify.dylib
0x000000010cf91000 	/Library/Java/JavaVirtualMachines/jdk1.8.0_60.jdk/Contents/Home/jre/lib/libjava.dylib
0x000000010cfd0000 	/Library/Java/JavaVirtualMachines/jdk1.8.0_60.jdk/Contents/Home/jre/lib/libzip.dylib
0x0000000111b76000 	/System/Library/Frameworks/JavaVM.framework/Frameworks/JavaRuntimeSupport.framework/JavaRuntimeSupport
0x0000000111b90000 	/System/Library/Frameworks/JavaVM.framework/Versions/A/Frameworks/JavaNativeFoundation.framework/Versions/A/JavaNativeFoundation
0x0000000111ba5000 	/System/Library/Frameworks/JavaVM.framework/Versions/A/JavaVM
0x000000000ad86000 	/System/Library/Frameworks/Carbon.framework/Versions/A/Carbon
0x0000000111bb2000 	/System/Library/PrivateFrameworks/JavaLaunching.framework/Versions/A/JavaLaunching
0x000000000ad86000 	/System/Library/Frameworks/Carbon.framework/Versions/A/Frameworks/CommonPanels.framework/Versions/A/CommonPanels
0x000000000ad86000 	/System/Library/Frameworks/Carbon.framework/Versions/A/Frameworks/Help.framework/Versions/A/Help
0x000000000ad86000 	/System/Library/Frameworks/Carbon.framework/Versions/A/Frameworks/ImageCapture.framework/Versions/A/ImageCapture
0x000000000ad86000 	/System/Library/Frameworks/Carbon.framework/Versions/A/Frameworks/OpenScripting.framework/Versions/A/OpenScripting
0x000000000ad86000 	/System/Library/Frameworks/Carbon.framework/Versions/A/Frameworks/Print.framework/Versions/A/Print
0x000000000ad86000 	/System/Library/Frameworks/Carbon.framework/Versions/A/Frameworks/SecurityHI.framework/Versions/A/SecurityHI
0x0000000111f17000 	/Library/Java/JavaVirtualMachines/jdk1.8.0_60.jdk/Contents/Home/jre/lib/libnet.dylib

VM Arguments:
java_command: target/datahub-api-1.0-SNAPSHOT-jar-with-dependencies.jar
java_class_path (initial): target/datahub-api-1.0-SNAPSHOT-jar-with-dependencies.jar
Launcher Type: SUN_STANDARD

Environment Variables:
JAVA_HOME=/Library/Java/JavaVirtualMachines/jdk1.8.0_60.jdk/Contents/Home
CLASSPATH=
PATH=/Applications/Frameworks-Libs/SDB-1.3.1/bin:/Users/gaignard-a/miniconda3/bin:/Users/gaignard-a/bin:/usr/local/Cellar/mongodb/3.0.1/bin:/Applications/apache-maven-3.2.3/bin:/Library/Java/JavaVirtualMachines/jdk1.8.0_60.jdk/Contents/Home/bin:/Users/gaignard/Desktop/CumuloNumbio-2015/hadoop-1.2.1/bin:/bin:/Applications/apache-ant-1.9.4/bin:/usr/local/Cellar/mongodb/3.0.1/bin:/Users/gaignard/Documents/Experiences/bioinfo/tophat-2.0.13.OSX_x86_64:/Users/gaignard/Documents/Experiences/bioinfo/cufflinks-2.2.1.OSX_x86_64:/Users/gaignard/Documents/Experiences/bioinfo/bowtie2-2.2.4:/Users/gaignard/Documents/Projets/Region-SyMeTRIC/Demonstrateurs/veille/swift-k/dist/swift-svn/bin:/usr/local/bin:/usr/bin:/bin:/usr/sbin:/sbin:/opt/X11/bin:/usr/local/go/bin:/Library/TeX/texbin
LD_LIBRARY_PATH=:/usr/lib:/sw/lib
SHELL=/bin/bash
DISPLAY=/private/tmp/com.apple.launchd.rTfP9R85z3/org.macosforge.xquartz:0

Signal Handlers:
SIGSEGV: [libjvm.dylib+0x5a6d31], sa_mask[0]=11111111011111110111111111111111, sa_flags=SA_ONSTACK|SA_RESTART|SA_SIGINFO
SIGBUS: [libjvm.dylib+0x5a6d31], sa_mask[0]=11111111011111110111111111111111, sa_flags=SA_RESTART|SA_SIGINFO
SIGFPE: [libjvm.dylib+0x480a4c], sa_mask[0]=11111111011111110111111111111111, sa_flags=SA_RESTART|SA_SIGINFO
SIGPIPE: [libjvm.dylib+0x480a4c], sa_mask[0]=11111111011111110111111111111111, sa_flags=SA_RESTART|SA_SIGINFO
SIGXFSZ: [libjvm.dylib+0x480a4c], sa_mask[0]=11111111011111110111111111111111, sa_flags=SA_RESTART|SA_SIGINFO
SIGILL: [libjvm.dylib+0x480a4c], sa_mask[0]=11111111011111110111111111111111, sa_flags=SA_RESTART|SA_SIGINFO
SIGUSR1: SIG_DFL, sa_mask[0]=11011111011111100000000111000110, sa_flags=none
SIGUSR2: [libjvm.dylib+0x48056a], sa_mask[0]=00000000000000000000000000000000, sa_flags=SA_RESTART|SA_SIGINFO
SIGHUP: [libjvm.dylib+0x47eb41], sa_mask[0]=11111111011111110111111111111111, sa_flags=SA_RESTART|SA_SIGINFO
SIGINT: [libjvm.dylib+0x47eb41], sa_mask[0]=11111111011111110111111111111111, sa_flags=SA_RESTART|SA_SIGINFO
SIGTERM: [libjvm.dylib+0x47eb41], sa_mask[0]=11111111011111110111111111111111, sa_flags=SA_RESTART|SA_SIGINFO
SIGQUIT: [libjvm.dylib+0x47eb41], sa_mask[0]=11111111011111110111111111111111, sa_flags=SA_RESTART|SA_SIGINFO


---------------  S Y S T E M  ---------------

OS:Bsduname:Darwin 16.1.0 Darwin Kernel Version 16.1.0: Thu Oct 13 21:26:57 PDT 2016; root:xnu-3789.21.3~60/RELEASE_X86_64 x86_64
rlimit: STACK 8192k, CORE 0k, NPROC 709, NOFILE 10240, AS infinity
load average:12,53 8,68 4,73

CPU:total 4 (2 cores per cpu, 2 threads per core) family 6 model 61 stepping 4, cmov, cx8, fxsr, mmx, sse, sse2, sse3, ssse3, sse4.1, sse4.2, popcnt, avx, avx2, aes, clmul, erms, 3dnowpref, lzcnt, ht, tsc, tscinvbit, bmi1, bmi2, adx

Memory: 4k page, physical 16777216k(826380k free)

/proc/meminfo:


vm_info: Java HotSpot(TM) 64-Bit Server VM (25.60-b23) for bsd-amd64 JRE (1.8.0_60-b27), built on Aug  4 2015 10:47:24 by "java_re" with gcc 4.2.1 (Based on Apple Inc. build 5658) (LLVM build 2336.11.00)

time: Fri Oct 28 14:28:25 2016
elapsed time: 10 seconds (0d 0h 0m 10s)

