Explored 16 regulators
Explored 16 regulators
Explored 25 regulators
Explored 25 regulators
Explored 28 regulators
Explored 32 regulators
Explored 34 regulators
Explored 37 regulators
Explored 40 regulators
Explored 41 regulators
Explored 41 regulators
Explored 46 regulators
Explored 51 regulators
Explored 51 regulators
Explored 51 regulators
Explored 51 regulators
Explored 52 regulators
Explored 53 regulators
Explored 71 regulators
Explored 71 regulators
Explored 73 regulators
Explored 74 regulators
Explored 74 regulators
Explored 74 regulators
Explored 74 regulators
Explored 74 regulators
Explored 74 regulators
Explored 75 regulators
Explored 75 regulators
Explored 75 regulators
Explored 77 regulators
Explored 77 regulators
Explored 77 regulators
Explored 77 regulators
Explored 77 regulators
Explored 79 regulators
Explored 79 regulators
Explored 79 regulators
Explored 79 regulators
Explored 79 regulators
Explored 79 regulators
Explored 83 regulators
Explored 83 regulators
Explored 83 regulators
Explored 83 regulators
Explored 83 regulators
Explored 83 regulators
Explored 83 regulators
Explored 83 regulators
Explored 83 regulators
Explored 83 regulators
Explored 86 regulators
Explored 86 regulators
Explored 88 regulators
Explored 88 regulators
Explored 88 regulators
Explored 88 regulators
Explored 88 regulators
Explored 88 regulators
Explored 88 regulators
Explored 92 regulators
Explored 92 regulators
Explored 92 regulators
Explored 92 regulators
Explored 92 regulators
Explored 92 regulators
Explored 92 regulators
Explored 92 regulators
Explored 92 regulators
Explored 92 regulators
Explored 92 regulators
Explored 93 regulators
Explored 93 regulators
Explored 96 regulators
Explored 97 regulators
Explored 107 regulators
Explored 110 regulators
Explored 111 regulators
Explored 111 regulators
Explored 113 regulators
Explored 116 regulators
Explored 116 regulators
Explored 116 regulators
Explored 118 regulators
Explored 118 regulators
Explored 120 regulators
Explored 122 regulators
Explored 122 regulators
Explored 122 regulators
Explored 122 regulators
Explored 123 regulators
Explored 123 regulators
Explored 123 regulators
Explored 123 regulators
Explored 125 regulators
Explored 125 regulators
Explored 125 regulators
Explored 132 regulators
Explored 132 regulators
Explored 132 regulators
Explored 133 regulators
Explored 133 regulators
Explored 133 regulators
Explored 133 regulators
Explored 134 regulators
Explored 134 regulators
Explored 134 regulators
Explored 134 regulators
Explored 134 regulators
Explored 134 regulators
Explored 134 regulators
Explored 134 regulators
Explored 135 regulators
Explored 137 regulators
Explored 137 regulators
Explored 137 regulators
Explored 138 regulators
Explored 138 regulators
Explored 138 regulators
Explored 139 regulators
Explored 139 regulators
Explored 139 regulators
Explored 156 regulators
Explored 156 regulators
Explored 156 regulators
Explored 156 regulators
Explored 157 regulators
Explored 157 regulators
Explored 159 regulators
Explored 159 regulators
Explored 159 regulators
Explored 159 regulators
Explored 159 regulators
Explored 175 regulators
Explored 175 regulators
Explored 177 regulators
Explored 179 regulators
Explored 179 regulators
Explored 181 regulators
Explored 181 regulators
Explored 181 regulators
Explored 182 regulators
Explored 182 regulators
Explored 182 regulators
Explored 182 regulators
Explored 182 regulators
Explored 182 regulators
Explored 182 regulators
Explored 183 regulators
Explored 184 regulators
Explored 184 regulators
Explored 184 regulators
Explored 184 regulators
Explored 184 regulators
Explored 184 regulators
Explored 184 regulators
Explored 185 regulators
Explored 185 regulators
Explored 185 regulators
Explored 185 regulators
Explored 185 regulators
Explored 185 regulators
Explored 185 regulators
Explored 185 regulators
Explored 185 regulators
Explored 186 regulators
Explored 186 regulators
Explored 186 regulators
Explored 189 regulators
Explored 189 regulators
Explored 189 regulators
Explored 189 regulators
Explored 189 regulators
Explored 190 regulators
Explored 192 regulators
Explored 192 regulators
Explored 198 regulators
Explored 198 regulators
Explored 198 regulators
Explored 198 regulators
Explored 198 regulators
Explored 198 regulators
Explored 198 regulators
Explored 198 regulators
Explored 198 regulators
Explored 198 regulators
Explored 198 regulators
Explored 198 regulators
Explored 198 regulators
Explored 198 regulators
Explored 198 regulators
Explored 198 regulators
Explored 198 regulators
Explored 198 regulators
Explored 198 regulators
Explored 199 regulators
Explored 199 regulators
Explored 199 regulators
Explored 199 regulators
Explored 199 regulators
Explored 199 regulators
Explored 210 regulators
Explored 211 regulators
Explored 211 regulators
Explored 211 regulators
Explored 211 regulators
Explored 211 regulators
Explored 212 regulators
Explored 212 regulators
Explored 213 regulators
Explored 214 regulators
Explored 214 regulators
Explored 214 regulators
Explored 214 regulators
Explored 214 regulators
Explored 214 regulators
Explored 214 regulators
Explored 214 regulators
Explored 214 regulators
Explored 214 regulators
Explored 219 regulators
Explored 220 regulators
Explored 220 regulators
Explored 220 regulators
Explored 220 regulators
Explored 222 regulators
Explored 222 regulators
Explored 222 regulators
Explored 222 regulators
Explored 222 regulators
Explored 222 regulators
Explored 223 regulators
Explored 223 regulators
Explored 223 regulators
Explored 223 regulators
Explored 223 regulators
Explored 223 regulators
Explored 223 regulators
Explored 223 regulators
Explored 223 regulators
Explored 223 regulators
Explored 223 regulators
Explored 223 regulators
Explored 223 regulators
Explored 223 regulators
Explored 223 regulators
Explored 224 regulators
Explored 224 regulators
Explored 224 regulators
Explored 224 regulators
Explored 224 regulators
Explored 224 regulators
Explored 224 regulators
Explored 224 regulators
Explored 226 regulators
Explored 227 regulators
Explored 227 regulators
Explored 227 regulators
Explored 227 regulators
Explored 227 regulators
Explored 227 regulators
Explored 227 regulators
Explored 227 regulators
Explored 227 regulators
Explored 227 regulators
Explored 228 regulators
Explored 228 regulators
Explored 228 regulators
Explored 228 regulators
Explored 228 regulators
Explored 228 regulators
Explored 228 regulators
Explored 228 regulators
Explored 229 regulators
Explored 229 regulators
Explored 229 regulators
Explored 229 regulators
Explored 229 regulators
Explored 229 regulators
Explored 229 regulators
Explored 229 regulators
Explored 229 regulators
Explored 229 regulators
Explored 229 regulators
Explored 229 regulators
Explored 229 regulators
Explored 229 regulators
Explored 229 regulators
Explored 229 regulators
Explored 229 regulators
Explored 229 regulators
Explored 229 regulators
Explored 229 regulators
Explored 229 regulators
Explored 229 regulators
Explored 229 regulators
Explored 229 regulators
Explored 229 regulators
Explored 229 regulators
Explored 229 regulators
Explored 229 regulators
Explored 229 regulators
Explored 229 regulators
Explored 229 regulators
Explored 229 regulators
Explored 229 regulators
Explored 229 regulators
Explored 229 regulators
Explored 229 regulators
Explored 229 regulators
Explored 229 regulators
Explored 229 regulators
Explored 229 regulators
Explored 229 regulators
Explored 229 regulators
Explored 229 regulators
Explored 229 regulators
Explored 229 regulators
Explored 229 regulators
Explored 229 regulators
Explored 229 regulators
Explored 229 regulators
Explored 229 regulators
Explored 229 regulators
Explored 229 regulators
Explored 229 regulators
Explored 229 regulators
Explored 229 regulators
Explored 229 regulators
Explored 229 regulators
Explored 229 regulators
Explored 229 regulators
Explored 229 regulators
Explored 229 regulators
Explored 229 regulators
Explored 229 regulators
Explored 229 regulators
Explored 229 regulators
Explored 229 regulators
Explored 229 regulators
Explored 229 regulators
Explored 229 regulators
Explored 229 regulators
Explored 229 regulators
Explored 229 regulators
Explored 229 regulators
Explored 229 regulators
Explored 229 regulators
Explored 229 regulators
Explored 229 regulators
Explored 229 regulators
Explored 229 regulators
Explored 229 regulators
Explored 229 regulators
Explored 229 regulators
Explored 229 regulators
Explored 229 regulators
Explored 229 regulators
Explored 229 regulators
Explored 229 regulators
Explored 229 regulators
Explored 229 regulators
Explored 229 regulators
Explored 229 regulators
Explored 229 regulators
Explored 229 regulators
Explored 229 regulators
Explored 229 regulators
Explored 229 regulators
Explored 229 regulators
Explored 229 regulators
Explored 229 regulators
Explored 229 regulators
Explored 229 regulators
Explored 229 regulators
Explored 229 regulators
Explored 229 regulators
Explored 229 regulators
Explored 229 regulators
Explored 229 regulators
Explored 229 regulators
Explored 229 regulators
Explored 229 regulators
Explored 229 regulators
Explored 229 regulators
Explored 229 regulators
Explored 229 regulators
Explored 229 regulators
Explored 229 regulators
Explored 229 regulators
Explored 229 regulators
Explored 229 regulators
Explored 229 regulators
Explored 229 regulators
Explored 229 regulators
Explored 229 regulators
Explored 229 regulators
Explored 229 regulators
Explored 229 regulators
Explored 229 regulators
Explored 229 regulators
Explored 229 regulators
Explored 229 regulators
Explored 229 regulators
Explored 229 regulators
Explored 229 regulators
Explored 229 regulators
Explored 230 regulators
Explored 230 regulators
Explored 230 regulators
Explored 230 regulators
Explored 230 regulators
Explored 230 regulators
Explored 230 regulators
Explored 230 regulators
Explored 230 regulators
Explored 230 regulators
Explored 230 regulators
Explored 230 regulators
Explored 230 regulators
Explored 230 regulators
Explored 230 regulators
Explored 230 regulators
Explored 230 regulators
Explored 230 regulators
Explored 230 regulators
Explored 230 regulators
Explored 230 regulators
Explored 230 regulators
Explored 230 regulators
Explored 230 regulators
Explored 230 regulators
Explored 230 regulators
Explored 230 regulators
Explored 230 regulators
Explored 230 regulators
Explored 230 regulators
Explored 230 regulators
Explored 230 regulators
Explored 230 regulators
Explored 230 regulators
Explored 230 regulators
Explored 230 regulators
Explored 230 regulators
Explored 230 regulators
Explored 230 regulators
Explored 230 regulators
Explored 230 regulators
Explored 230 regulators
Explored 230 regulators
Explored 230 regulators
Explored 230 regulators
Explored 230 regulators
Explored 230 regulators
Explored 230 regulators
Explored 230 regulators
Explored 230 regulators
Explored 230 regulators
Explored 230 regulators
Explored 230 regulators
Explored 230 regulators
Explored 230 regulators
Explored 230 regulators
Explored 230 regulators
Explored 230 regulators
Explored 230 regulators
Explored 230 regulators
Explored 232 regulators
Explored 232 regulators
Explored 232 regulators
Explored 232 regulators
Explored 232 regulators
Explored 232 regulators
Explored 232 regulators
Explored 232 regulators
Explored 232 regulators
Explored 232 regulators
Explored 232 regulators
Explored 232 regulators
Explored 232 regulators
Explored 232 regulators
Explored 232 regulators
Explored 232 regulators
Explored 232 regulators
Explored 232 regulators
Explored 232 regulators
Explored 232 regulators
Explored 232 regulators
Explored 232 regulators
Explored 232 regulators
Explored 232 regulators
Explored 232 regulators
Explored 232 regulators
Explored 232 regulators
Explored 232 regulators
Explored 232 regulators
Explored 232 regulators
Explored 232 regulators
Explored 232 regulators
Explored 232 regulators
Explored 232 regulators
Explored 232 regulators
Explored 232 regulators
Explored 232 regulators
Explored 232 regulators
Explored 232 regulators
Explored 232 regulators
Explored 232 regulators
Explored 232 regulators
Explored 232 regulators
Explored 232 regulators
Explored 232 regulators
Explored 232 regulators
Explored 232 regulators
Explored 232 regulators
Explored 232 regulators
Explored 232 regulators
Explored 232 regulators
Explored 232 regulators
Explored 232 regulators
Explored 232 regulators
Explored 232 regulators
Explored 232 regulators
Explored 232 regulators
Explored 232 regulators
Explored 232 regulators
Explored 232 regulators
Explored 232 regulators
Explored 232 regulators
Explored 232 regulators
Explored 232 regulators
Explored 232 regulators
Explored 232 regulators
Explored 232 regulators
Explored 233 regulators
Explored 233 regulators
Explored 233 regulators
Explored 233 regulators
Explored 233 regulators
Explored 233 regulators
Explored 233 regulators
Explored 233 regulators
Explored 233 regulators
Explored 233 regulators
Explored 233 regulators
Explored 233 regulators
Explored 233 regulators
Explored 233 regulators
Explored 233 regulators
Explored 233 regulators
Explored 233 regulators
Explored 233 regulators
Explored 233 regulators
Explored 233 regulators
Explored 233 regulators
Explored 233 regulators
Explored 233 regulators
Explored 233 regulators
Explored 233 regulators
Explored 233 regulators
Explored 233 regulators
Explored 233 regulators
Explored 233 regulators
Explored 233 regulators
Explored 233 regulators
Explored 233 regulators
Explored 233 regulators
Explored 233 regulators
Explored 233 regulators
Explored 233 regulators
Explored 233 regulators
Explored 233 regulators
Explored 233 regulators
Explored 233 regulators
Explored 233 regulators
Explored 233 regulators
Explored 233 regulators
Explored 233 regulators
Explored 233 regulators
Explored 233 regulators
Explored 233 regulators
Explored 233 regulators
Explored 233 regulators
Explored 233 regulators
Explored 233 regulators
Explored 233 regulators
Explored 233 regulators
Explored 233 regulators
Explored 233 regulators
Explored 233 regulators
Explored 233 regulators
Explored 233 regulators
Explored 233 regulators
Explored 233 regulators
Explored 233 regulators
Explored 233 regulators
Explored 233 regulators
Explored 233 regulators
Explored 233 regulators
Explored 233 regulators
Explored 233 regulators
Explored 233 regulators
Explored 233 regulators
Explored 233 regulators
Explored 233 regulators
Explored 233 regulators
Explored 233 regulators
Explored 233 regulators
Explored 233 regulators
Explored 233 regulators
Explored 233 regulators
Explored 233 regulators
Explored 233 regulators
Explored 233 regulators
Explored 233 regulators
Explored 233 regulators
Explored 233 regulators
Explored 233 regulators
Explored 233 regulators
Explored 233 regulators
Explored 233 regulators
Explored 233 regulators
Explored 233 regulators
Explored 233 regulators
Explored 233 regulators
Explored 233 regulators
Explored 233 regulators
Explored 233 regulators
Explored 233 regulators
Explored 233 regulators
Explored 233 regulators
Explored 233 regulators
Explored 233 regulators
Explored 233 regulators
Explored 233 regulators
Explored 233 regulators
Explored 233 regulators
Explored 233 regulators
Explored 233 regulators
Explored 233 regulators
Explored 233 regulators
Explored 233 regulators
Explored 233 regulators
Explored 233 regulators
Explored 233 regulators
Explored 233 regulators
Explored 233 regulators
Explored 233 regulators
Explored 233 regulators
Explored 233 regulators
Explored 233 regulators
Explored 233 regulators
Explored 233 regulators
Explored 233 regulators
Explored 233 regulators
Explored 233 regulators
Explored 233 regulators
Explored 233 regulators
Explored 236 regulators
Explored 236 regulators
Explored 236 regulators
Explored 236 regulators
Explored 236 regulators
Explored 236 regulators
Explored 236 regulators
Explored 236 regulators
Explored 236 regulators
Explored 236 regulators
Explored 236 regulators
Explored 236 regulators
Explored 236 regulators
Explored 236 regulators
Explored 236 regulators
Explored 236 regulators
Explored 236 regulators
Explored 236 regulators
Explored 236 regulators
Explored 236 regulators
Explored 236 regulators
Explored 236 regulators
Explored 236 regulators
Explored 236 regulators
Explored 236 regulators
Explored 236 regulators
Explored 236 regulators
Explored 236 regulators
Explored 236 regulators
Explored 236 regulators
Explored 236 regulators
Explored 236 regulators
Explored 236 regulators
Explored 236 regulators
Explored 236 regulators
Explored 236 regulators
Explored 236 regulators
Explored 236 regulators
Explored 236 regulators
Explored 236 regulators
Explored 236 regulators
Explored 236 regulators
Explored 236 regulators
Explored 236 regulators
Explored 236 regulators
Explored 236 regulators
Explored 236 regulators
Explored 236 regulators
Explored 236 regulators
Explored 236 regulators
Explored 236 regulators
Explored 236 regulators
Explored 236 regulators
Explored 236 regulators
Explored 236 regulators
Explored 236 regulators
Explored 236 regulators
Explored 236 regulators
Explored 236 regulators
Explored 236 regulators
Explored 236 regulators
Explored 254 regulators
Explored 254 regulators
Explored 254 regulators
Explored 254 regulators
Explored 254 regulators
Explored 254 regulators
Explored 254 regulators
Explored 254 regulators
Explored 254 regulators
Explored 254 regulators
Explored 254 regulators
Explored 254 regulators
Explored 254 regulators
Explored 254 regulators
Explored 254 regulators
Explored 254 regulators
Explored 254 regulators
Explored 254 regulators
Explored 254 regulators
Explored 254 regulators
Explored 254 regulators
Explored 254 regulators
Explored 254 regulators
Explored 254 regulators
Explored 254 regulators
Explored 254 regulators
Explored 254 regulators
Explored 254 regulators
Explored 254 regulators
Explored 254 regulators
Explored 254 regulators
Explored 254 regulators
Explored 254 regulators
Explored 254 regulators
Explored 254 regulators
Explored 254 regulators
Explored 254 regulators
Explored 254 regulators
Explored 254 regulators
Explored 254 regulators
Explored 254 regulators
Explored 254 regulators
Explored 254 regulators
Explored 254 regulators
Explored 254 regulators
Explored 254 regulators
Explored 254 regulators
Explored 254 regulators
Explored 254 regulators
Explored 254 regulators
Explored 254 regulators
Explored 254 regulators
Explored 254 regulators
Explored 254 regulators
Explored 254 regulators
Explored 254 regulators
Explored 254 regulators
Explored 254 regulators
Explored 254 regulators
Explored 254 regulators
Explored 254 regulators
Explored 254 regulators
Explored 254 regulators
Explored 254 regulators
Explored 254 regulators
Explored 254 regulators
Explored 254 regulators
Explored 254 regulators
Explored 254 regulators
Explored 254 regulators
Explored 254 regulators
Explored 254 regulators
Explored 254 regulators
Explored 254 regulators
Explored 254 regulators
Explored 254 regulators
Explored 254 regulators
Explored 254 regulators
Explored 254 regulators
Explored 254 regulators
Explored 254 regulators
Explored 254 regulators
Explored 254 regulators
Explored 254 regulators
Explored 254 regulators
Explored 254 regulators
Explored 254 regulators
Explored 254 regulators
Explored 254 regulators
Explored 254 regulators
Explored 254 regulators
Explored 254 regulators
Explored 254 regulators
Explored 254 regulators
Explored 254 regulators
Explored 254 regulators
Explored 254 regulators
Explored 254 regulators
Explored 254 regulators
Explored 254 regulators
Explored 254 regulators
Explored 254 regulators
Explored 254 regulators
Explored 254 regulators
Explored 254 regulators
Explored 254 regulators
Explored 254 regulators
Explored 254 regulators
Explored 254 regulators
Explored 254 regulators
Explored 254 regulators
Explored 254 regulators
Explored 254 regulators
Explored 254 regulators
Explored 254 regulators
Explored 254 regulators
Explored 254 regulators
Explored 254 regulators
Explored 254 regulators
Explored 254 regulators
Explored 254 regulators
Explored 254 regulators
Explored 254 regulators
Explored 254 regulators
Explored 254 regulators
Explored 254 regulators
Explored 254 regulators
Explored 254 regulators
Explored 254 regulators
Explored 254 regulators
Explored 254 regulators
Explored 254 regulators
Explored 254 regulators
Explored 254 regulators
Explored 254 regulators
Explored 254 regulators
Explored 254 regulators
Explored 254 regulators
Explored 254 regulators
Explored 254 regulators
Explored 254 regulators
Explored 254 regulators
Explored 254 regulators
Explored 254 regulators
Explored 254 regulators
Explored 254 regulators
Explored 254 regulators
Explored 254 regulators
Explored 254 regulators
Explored 254 regulators
Explored 254 regulators
Explored 254 regulators
Explored 254 regulators
Explored 254 regulators
Explored 254 regulators
Explored 254 regulators
Explored 254 regulators
Explored 254 regulators
Explored 254 regulators
Explored 254 regulators
Explored 254 regulators
Explored 254 regulators
Explored 254 regulators
Explored 263 regulators
Explored 312 regulators
Explored 319 regulators
Explored 333 regulators
Explored 333 regulators
Explored 359 regulators
Explored 368 regulators
Explored 369 regulators
Explored 369 regulators
Explored 369 regulators
Explored 370 regulators
Explored 377 regulators
Explored 378 regulators
Explored 379 regulators
Explored 381 regulators
Explored 381 regulators
Explored 381 regulators
Explored 383 regulators
Explored 383 regulators
Explored 383 regulators
Explored 383 regulators
Explored 383 regulators
Explored 383 regulators
Explored 383 regulators
Explored 386 regulators
Explored 386 regulators
Explored 386 regulators
Explored 386 regulators
Explored 386 regulators
Explored 386 regulators
Explored 386 regulators
Explored 386 regulators
Explored 386 regulators
Explored 386 regulators
Explored 387 regulators
Explored 387 regulators
Explored 394 regulators
Explored 397 regulators
Explored 399 regulators
Explored 399 regulators
Explored 399 regulators
Explored 401 regulators
Explored 401 regulators
Explored 402 regulators
Explored 402 regulators
Explored 406 regulators
Explored 408 regulators
Explored 412 regulators
Explored 421 regulators
Explored 421 regulators
Explored 432 regulators
Explored 436 regulators
Explored 437 regulators
Explored 438 regulators
Explored 438 regulators
Explored 439 regulators
Explored 439 regulators
Explored 440 regulators
Explored 440 regulators
Explored 442 regulators
Explored 455 regulators
Explored 460 regulators
Explored 463 regulators
Explored 464 regulators
Explored 466 regulators
Explored 466 regulators
Explored 468 regulators
Explored 472 regulators
Explored 472 regulators
Explored 473 regulators
Explored 473 regulators
Explored 474 regulators
Explored 475 regulators
Explored 475 regulators
Explored 482 regulators
Explored 505 regulators
Explored 505 regulators
Explored 505 regulators
Explored 507 regulators
Explored 507 regulators
Explored 509 regulators
Explored 509 regulators
Explored 509 regulators
Explored 511 regulators
Explored 511 regulators
Explored 511 regulators
Explored 511 regulators
Explored 511 regulators
Explored 511 regulators
Explored 511 regulators
Explored 511 regulators
Explored 512 regulators
Explored 512 regulators
Explored 512 regulators
Explored 512 regulators
Explored 514 regulators
Explored 515 regulators
Explored 515 regulators
Explored 515 regulators
Explored 515 regulators
Explored 515 regulators
Explored 515 regulators
Explored 515 regulators
Explored 515 regulators
Explored 515 regulators
Explored 515 regulators
Explored 515 regulators
Explored 515 regulators
Explored 515 regulators
Explored 515 regulators
Explored 515 regulators
Explored 515 regulators
Explored 515 regulators
Explored 515 regulators
Explored 515 regulators
Explored 515 regulators
Explored 515 regulators
Explored 515 regulators
Explored 515 regulators
Explored 515 regulators
Explored 515 regulators
Explored 515 regulators
Explored 515 regulators
Explored 515 regulators
Explored 515 regulators
Explored 515 regulators
Explored 515 regulators
Explored 515 regulators
Explored 515 regulators
Explored 515 regulators
Explored 515 regulators
Explored 515 regulators
Explored 515 regulators
Explored 515 regulators
Explored 515 regulators
Explored 515 regulators
Explored 515 regulators
Explored 515 regulators
Explored 515 regulators
Explored 515 regulators
Explored 515 regulators
Explored 515 regulators
Explored 515 regulators
Explored 515 regulators
Explored 515 regulators
Explored 515 regulators
Explored 515 regulators
Explored 515 regulators
Explored 515 regulators
Explored 515 regulators
Explored 515 regulators
Explored 515 regulators
Explored 515 regulators
Explored 515 regulators
Explored 515 regulators
Explored 515 regulators
Explored 515 regulators
Explored 515 regulators
Explored 515 regulators
Explored 515 regulators
Explored 515 regulators
Explored 515 regulators
Explored 515 regulators
Explored 515 regulators
Explored 515 regulators
Explored 515 regulators
Explored 515 regulators
Explored 515 regulators
Explored 515 regulators
Explored 515 regulators
Explored 515 regulators
Explored 515 regulators
Explored 515 regulators
Explored 515 regulators
Explored 515 regulators
Explored 515 regulators
Explored 515 regulators
Explored 515 regulators
Explored 515 regulators
Explored 515 regulators
Explored 515 regulators
Explored 515 regulators
Explored 515 regulators
Explored 515 regulators
Explored 515 regulators
Explored 515 regulators
Explored 515 regulators
Explored 515 regulators
Explored 515 regulators
Explored 515 regulators
Explored 515 regulators
Explored 515 regulators
Explored 515 regulators
Explored 515 regulators
Explored 515 regulators
Explored 515 regulators
Explored 515 regulators
Explored 515 regulators
Explored 515 regulators
Explored 515 regulators
Explored 515 regulators
Explored 515 regulators
Explored 515 regulators
Explored 515 regulators
Explored 515 regulators
Explored 515 regulators
Explored 515 regulators
Explored 515 regulators
Explored 515 regulators
Explored 515 regulators
Explored 515 regulators
Explored 515 regulators
Explored 515 regulators
Explored 515 regulators
Explored 515 regulators
Explored 515 regulators
Explored 515 regulators
Explored 515 regulators
Explored 515 regulators
Explored 516 regulators
Explored 516 regulators
Explored 516 regulators
Explored 516 regulators
Explored 516 regulators
Explored 516 regulators
Explored 516 regulators
Explored 516 regulators
Explored 516 regulators
Explored 516 regulators
Explored 516 regulators
Explored 516 regulators
Explored 516 regulators
Explored 516 regulators
Explored 516 regulators
Explored 516 regulators
Explored 516 regulators
Explored 516 regulators
Explored 516 regulators
Explored 516 regulators
Explored 516 regulators
Explored 516 regulators
Explored 516 regulators
Explored 516 regulators
Explored 516 regulators
Explored 516 regulators
Explored 516 regulators
Explored 516 regulators
Explored 516 regulators
Explored 516 regulators
Explored 516 regulators
Explored 516 regulators
Explored 516 regulators
Explored 516 regulators
Explored 516 regulators
Explored 516 regulators
Explored 516 regulators
Explored 516 regulators
Explored 517 regulators
Explored 517 regulators
Explored 517 regulators
Explored 517 regulators
Explored 517 regulators
Explored 517 regulators
Explored 517 regulators
Explored 517 regulators
Explored 517 regulators
Explored 517 regulators
Explored 517 regulators
Explored 517 regulators
Explored 517 regulators
Explored 517 regulators
Explored 517 regulators
Explored 517 regulators
Explored 517 regulators
Explored 517 regulators
Explored 517 regulators
Explored 523 regulators
Explored 525 regulators
Explored 527 regulators
Explored 541 regulators
Explored 546 regulators
Explored 546 regulators
Explored 554 regulators
Explored 555 regulators
Explored 555 regulators
Explored 555 regulators
Explored 555 regulators
Explored 555 regulators
Explored 556 regulators
Explored 556 regulators
Explored 559 regulators
Explored 573 regulators
Explored 574 regulators
Explored 575 regulators
Explored 575 regulators
Explored 575 regulators
Explored 575 regulators
Explored 575 regulators
Explored 575 regulators
Explored 575 regulators
Explored 575 regulators
Explored 575 regulators
Explored 575 regulators
Explored 577 regulators
Explored 577 regulators
Explored 577 regulators
Explored 577 regulators
Explored 577 regulators
Explored 577 regulators
Explored 577 regulators
Explored 577 regulators
Explored 577 regulators
Explored 577 regulators
Explored 577 regulators
Explored 577 regulators
Explored 577 regulators
Explored 577 regulators
Explored 577 regulators
Explored 577 regulators
Explored 577 regulators
Explored 577 regulators
Explored 577 regulators
Explored 577 regulators
Explored 577 regulators
Explored 577 regulators
Explored 577 regulators
Explored 577 regulators
Explored 577 regulators
Explored 577 regulators
Explored 577 regulators
Explored 577 regulators
Explored 578 regulators
Explored 578 regulators
Explored 579 regulators
Explored 579 regulators
Explored 580 regulators
Explored 587 regulators
Explored 588 regulators
Explored 588 regulators
Explored 589 regulators
Explored 590 regulators
Explored 590 regulators
Explored 595 regulators
Explored 595 regulators
Explored 595 regulators
Explored 595 regulators
Explored 604 regulators
Explored 606 regulators
Explored 610 regulators
Explored 626 regulators
Explored 626 regulators
Explored 628 regulators
Explored 628 regulators
Explored 629 regulators
Explored 629 regulators
Explored 629 regulators
Explored 629 regulators
Explored 630 regulators
Explored 630 regulators
Explored 631 regulators
Explored 631 regulators
Explored 631 regulators
Explored 631 regulators
Explored 631 regulators
Explored 631 regulators
Explored 631 regulators
Explored 631 regulators
Explored 631 regulators
Explored 631 regulators
Explored 631 regulators
Explored 631 regulators
Explored 631 regulators
Explored 631 regulators
Explored 631 regulators
Explored 631 regulators
Explored 631 regulators
Explored 631 regulators
Explored 631 regulators
Explored 631 regulators
Explored 631 regulators
Explored 631 regulators
Explored 635 regulators
Explored 635 regulators
Explored 635 regulators
Explored 635 regulators
Explored 635 regulators
Explored 635 regulators
Explored 635 regulators
Explored 635 regulators
Explored 635 regulators
Explored 635 regulators
Explored 636 regulators
Explored 636 regulators
Explored 636 regulators
Explored 636 regulators
Explored 636 regulators
Explored 636 regulators
Explored 636 regulators
Explored 636 regulators
Explored 636 regulators
Explored 636 regulators
Explored 636 regulators
Explored 636 regulators
Explored 636 regulators
Explored 636 regulators
Explored 636 regulators
Explored 636 regulators
Explored 636 regulators
Explored 636 regulators
Explored 636 regulators
Explored 636 regulators
Explored 636 regulators
Explored 636 regulators
Explored 636 regulators
Explored 636 regulators
Explored 636 regulators
Explored 636 regulators
Explored 637 regulators
Explored 637 regulators
Explored 637 regulators
Explored 637 regulators
Explored 637 regulators
Explored 637 regulators
Explored 637 regulators
Explored 637 regulators
Explored 637 regulators
Explored 637 regulators
Explored 637 regulators
Explored 637 regulators
Explored 637 regulators
Explored 637 regulators
Explored 637 regulators
Explored 637 regulators
Explored 637 regulators
Explored 637 regulators
Explored 637 regulators
Explored 637 regulators
Explored 637 regulators
Explored 637 regulators
Explored 637 regulators
Explored 637 regulators
Explored 637 regulators
Explored 637 regulators
Explored 637 regulators
Explored 637 regulators
Explored 637 regulators
Explored 637 regulators
Explored 637 regulators
Explored 637 regulators
Explored 637 regulators
Explored 637 regulators
Explored 637 regulators
Explored 637 regulators
Explored 637 regulators
Explored 637 regulators
Explored 637 regulators
Explored 637 regulators
Explored 637 regulators
Explored 637 regulators
Explored 637 regulators
Explored 637 regulators
Explored 637 regulators
Explored 637 regulators
Explored 637 regulators
Explored 637 regulators
Explored 637 regulators
Explored 637 regulators
Explored 637 regulators
Explored 637 regulators
Explored 637 regulators
Explored 637 regulators
Explored 637 regulators
Explored 637 regulators
Explored 637 regulators
Explored 637 regulators
Explored 637 regulators
Explored 637 regulators
Explored 637 regulators
Explored 637 regulators
Explored 637 regulators
Explored 638 regulators
Explored 638 regulators
Explored 638 regulators
Explored 638 regulators
Explored 638 regulators
Explored 638 regulators
Explored 638 regulators
Explored 638 regulators
Explored 638 regulators
Explored 638 regulators
Explored 638 regulators
Explored 638 regulators
Explored 638 regulators
Explored 638 regulators
Explored 638 regulators
Explored 638 regulators
Explored 638 regulators
Explored 638 regulators
Explored 638 regulators
Explored 638 regulators
Explored 638 regulators
Explored 638 regulators
Explored 638 regulators
Explored 638 regulators
Explored 638 regulators
Explored 638 regulators
Explored 638 regulators
Explored 638 regulators
Explored 638 regulators
Explored 638 regulators
Explored 638 regulators
Explored 638 regulators
Explored 638 regulators
Explored 638 regulators
Explored 638 regulators
Explored 638 regulators
Explored 638 regulators
Explored 638 regulators
Explored 638 regulators
Explored 638 regulators
Explored 638 regulators
Explored 638 regulators
Explored 638 regulators
Explored 638 regulators
Explored 638 regulators
Explored 638 regulators
Explored 638 regulators
Explored 638 regulators
Explored 638 regulators
Explored 638 regulators
Explored 638 regulators
Explored 638 regulators
Explored 638 regulators
Explored 638 regulators
Explored 638 regulators
Explored 638 regulators
Explored 638 regulators
Explored 638 regulators
Explored 638 regulators
Explored 638 regulators
Explored 638 regulators
Explored 638 regulators
Explored 638 regulators
Explored 638 regulators
Explored 638 regulators
Explored 638 regulators
Explored 638 regulators
Explored 638 regulators
Explored 638 regulators
Explored 638 regulators
Explored 638 regulators
Explored 638 regulators
Explored 638 regulators
Explored 638 regulators
Explored 638 regulators
Explored 638 regulators
Explored 638 regulators
Explored 638 regulators
Explored 638 regulators
Explored 638 regulators
Explored 638 regulators
Explored 638 regulators
Explored 638 regulators
Explored 638 regulators
Explored 638 regulators
Explored 638 regulators
Explored 638 regulators
Explored 638 regulators
Explored 638 regulators
Explored 638 regulators
Explored 638 regulators
Explored 638 regulators
Explored 638 regulators
Explored 638 regulators
Explored 638 regulators
Explored 638 regulators
Explored 638 regulators
Explored 638 regulators
Explored 638 regulators
Explored 638 regulators
Explored 638 regulators
Explored 638 regulators
Explored 638 regulators
Explored 638 regulators
Explored 638 regulators
Explored 638 regulators
Explored 638 regulators
Explored 639 regulators
Explored 643 regulators
Explored 644 regulators
Explored 644 regulators
Explored 644 regulators
Explored 644 regulators
Explored 644 regulators
Explored 644 regulators
Explored 644 regulators
Explored 644 regulators
Explored 644 regulators
Explored 644 regulators
Explored 644 regulators
Explored 644 regulators
Explored 644 regulators
Explored 644 regulators
Explored 644 regulators
Explored 644 regulators
Explored 644 regulators
Explored 644 regulators
Explored 644 regulators
Explored 644 regulators
Explored 644 regulators
Explored 644 regulators
Explored 645 regulators
Explored 645 regulators
Explored 648 regulators
Explored 648 regulators
Explored 648 regulators
Explored 648 regulators
Explored 648 regulators
Explored 648 regulators
Explored 648 regulators
Explored 648 regulators
Explored 648 regulators
Explored 648 regulators
Explored 648 regulators
Explored 648 regulators
Explored 648 regulators
Explored 648 regulators
Explored 648 regulators
Explored 648 regulators
Explored 648 regulators
Explored 648 regulators
Explored 648 regulators
Explored 649 regulators
Explored 649 regulators
Explored 649 regulators
Explored 649 regulators
Explored 649 regulators
Explored 649 regulators
Explored 649 regulators
Explored 649 regulators
Explored 649 regulators
Explored 649 regulators
Explored 649 regulators
Explored 649 regulators
Explored 649 regulators
Explored 649 regulators
Explored 649 regulators
Explored 649 regulators
Explored 649 regulators
Explored 649 regulators
Explored 649 regulators
Explored 649 regulators
Explored 649 regulators
Explored 649 regulators
Explored 649 regulators
Explored 650 regulators
Explored 650 regulators
Explored 650 regulators
Explored 650 regulators
Explored 650 regulators
Explored 650 regulators
Explored 650 regulators
Explored 650 regulators
Explored 650 regulators
Explored 650 regulators
Explored 650 regulators
Explored 650 regulators
Explored 650 regulators
Explored 650 regulators
Explored 650 regulators
Explored 650 regulators
Explored 650 regulators
Explored 650 regulators
Explored 650 regulators
Explored 650 regulators
Explored 650 regulators
Explored 650 regulators
Explored 650 regulators
Explored 650 regulators
Explored 650 regulators
Explored 650 regulators
Explored 650 regulators
Explored 650 regulators
Explored 650 regulators
Explored 650 regulators
Explored 650 regulators
Explored 650 regulators
Explored 650 regulators
Explored 650 regulators
Explored 650 regulators
Explored 650 regulators
Explored 650 regulators
Explored 650 regulators
Explored 650 regulators
Explored 650 regulators
Explored 650 regulators
Explored 650 regulators
Explored 650 regulators
Explored 650 regulators
Explored 650 regulators
Explored 650 regulators
Explored 650 regulators
Explored 650 regulators
Explored 650 regulators
Explored 650 regulators
Explored 650 regulators
Explored 650 regulators
Explored 650 regulators
Explored 650 regulators
Explored 650 regulators
Explored 650 regulators
Explored 650 regulators
Explored 650 regulators
Explored 650 regulators
Explored 650 regulators
Explored 650 regulators
Explored 650 regulators
Explored 650 regulators
Explored 650 regulators
Explored 650 regulators
Explored 650 regulators
Explored 650 regulators
Explored 650 regulators
Explored 650 regulators
Explored 650 regulators
Explored 650 regulators
Explored 650 regulators
Explored 650 regulators
Explored 650 regulators
Explored 650 regulators
Explored 650 regulators
Explored 650 regulators
Explored 650 regulators
Explored 650 regulators
Explored 650 regulators
Explored 650 regulators
Explored 650 regulators
Explored 650 regulators
Explored 650 regulators
Explored 650 regulators
Explored 650 regulators
Explored 650 regulators
Explored 650 regulators
Explored 650 regulators
Explored 650 regulators
Explored 650 regulators
Explored 650 regulators
Explored 651 regulators
Explored 651 regulators
Explored 651 regulators
Explored 651 regulators
Explored 652 regulators
Explored 652 regulators
Explored 652 regulators
Explored 652 regulators
Explored 652 regulators
Explored 652 regulators
Explored 652 regulators
Explored 652 regulators
Explored 652 regulators
Explored 652 regulators
Explored 652 regulators
Explored 652 regulators
Explored 652 regulators
Explored 652 regulators
Explored 652 regulators
Explored 652 regulators
Explored 652 regulators
Explored 652 regulators
Explored 652 regulators

Number of nodes = 1722
Number of edges = 4238
SIF network written to out.sif
Basic regulation reaction provenance written to out-provenance.csv

--- Network simplification in 4.55 seconds ---
SIF network written to out-unified.sif
Basic regulation reaction provenance written to out-unified-provenance.csv
Nodes after simplification = 1617
Edges after simplification = 4209

| Node | Degree Centrality |
|------|------|
| NOG | 0.4 | 
| TGFB1 | 0.257 | 
| INS | 0.16 | 
| NSC 689534/Copper | 0.088 | 
| TNF | 0.079 | 
| pirinixic acid/PPARA | 0.076 | 
| CDKN1A | 0.048 | 
| Disulfiram/Copper | 0.047 | 
| IL1B | 0.041 | 
| CXCL8 | 0.037 | 


