[2019-02-21 10:52:38] ### INFO ### Logger initialized, logging to log/dr8gc.log
[2019-02-21 10:52:38] ### INFO ### PyPath has been initialized
[2019-02-21 10:52:38] ### INFO ### Beginning session 'dr8gc'
[2019-02-21 10:53:03] ### INFO ###### Retrieving data by dataio.trip_interactions() ...
[2019-02-21 11:05:17] ### INFO ### Loading mapping tables...
[2019-02-21 11:05:17] ### INFO ###### Loading table ('uniprot-sec', 'uniprot-pri') ...
[2019-02-21 11:05:30] ### INFO ###### Table ('uniprot-sec', 'uniprot-pri') loaded from FileMapping.
[2019-02-21 11:05:30] ### INFO ### Loading mapping tables...
[2019-02-21 11:05:30] ### INFO ###### Loading table ('genesymbol', 'trembl') ...
[2019-02-21 11:06:08] ### INFO ###### Table ('genesymbol', 'trembl') loaded from UniprotMapping.
[2019-02-21 11:06:08] ### INFO ###### 392 lines have been read from trip_interactions,370 links after mapping; 
		0 lines filtered by filters;
		0 lines filtered because lack of references;
		0 lines filtered by taxon filters.
[2019-02-21 11:06:08] ### INFO ###### New nodes have been created
[2019-02-21 11:06:08] ### INFO ###### New edges have been created
[2019-02-21 11:06:08] ### INFO ###### Introducing new node and edge attributes...
[2019-02-21 11:06:08] ### WARNING ###### Vertex attribute `exp` has only None values
[2019-02-21 11:06:08] ### WARNING ###### Edge attribute `negative` has only None values
[2019-02-21 11:06:08] ### WARNING ###### Edge attribute `negative_refs` has only None values
[2019-02-21 11:06:08] ### INFO ###### Retrieving data by dataio.spike_interactions() ...
[2019-02-21 11:06:08] ### ERROR ###### spike_interactions: No such file or dataio function! :(

[2019-02-21 11:06:08] ### INFO ###### attach_network(): No data, nothing to do.
[2019-02-21 11:06:08] ### INFO ###### Retrieving data by dataio.signalink_interactions() ...
[2019-02-21 11:06:10] ### INFO ### Loading mapping tables...
[2019-02-21 11:06:10] ### INFO ###### Loading table ('genesymbol', 'swissprot') ...
[2019-02-21 11:06:22] ### INFO ###### Table ('genesymbol', 'swissprot') loaded from UniprotMapping.
[2019-02-21 11:06:22] ### INFO ### Loading mapping tables...
[2019-02-21 11:06:22] ### INFO ###### Loading table ('genesymbol-syn', 'swissprot') ...
[2019-02-21 11:06:34] ### INFO ###### Table ('genesymbol-syn', 'swissprot') loaded from UniprotMapping.
[2019-02-21 11:06:35] ### INFO ###### 6993 lines have been read from signalink_interactions,6943 links after mapping; 
		0 lines filtered by filters;
		6 lines filtered because lack of references;
		0 lines filtered by taxon filters.
[2019-02-21 11:06:35] ### INFO ### Loading mapping tables...
[2019-02-21 11:06:35] ### INFO ###### Loading table ('genesymbol', 'uniprot') ...
[2019-02-21 11:06:45] ### INFO ###### Table ('genesymbol', 'uniprot') loaded from UniprotMapping.
[2019-02-21 11:06:45] ### INFO ###### New nodes have been created
[2019-02-21 11:06:45] ### INFO ###### New edges have been created
[2019-02-21 11:06:45] ### INFO ###### Introducing new node and edge attributes...
[2019-02-21 11:06:49] ### WARNING ###### Vertex attribute `exp` has only None values
[2019-02-21 11:06:49] ### WARNING ###### Edge attribute `negative` has only None values
[2019-02-21 11:06:49] ### WARNING ###### Edge attribute `netbiol_mechanism` has multiple types of values: set, str
[2019-02-21 11:06:49] ### WARNING ###### Edge attribute `negative_refs` has only None values
[2019-02-21 11:06:49] ### WARNING ###### Edge attribute `netbiol_effect` has multiple types of values: set, str
[2019-02-21 11:06:49] ### WARNING ###### Edge attribute `netbiol_is_direct` has multiple types of values: set, str
[2019-02-21 11:06:49] ### INFO ###### Retrieving data by dataio.guide2pharma() ...
[2019-02-21 11:06:52] ### INFO ###### -1 lines have been read from guide2pharma,0 links after mapping; 
		0 lines filtered by filters;
		0 lines filtered because lack of references;
		0 lines filtered by taxon filters.
[2019-02-21 11:06:52] ### INFO ###### New nodes have been created
[2019-02-21 11:06:52] ### INFO ###### New edges have been created
[2019-02-21 11:06:52] ### INFO ###### Introducing new node and edge attributes...
[2019-02-21 11:06:52] ### WARNING ###### Vertex attribute `exp` has only None values
[2019-02-21 11:06:52] ### WARNING ###### Edge attribute `negative` has only None values
[2019-02-21 11:06:52] ### WARNING ###### Edge attribute `negative_refs` has only None values
[2019-02-21 11:06:52] ### INFO ###### Retrieving data by dataio.get_ca1() ...
[2019-02-21 11:06:54] ### INFO ###### 1787 lines have been read from get_ca1,1477 links after mapping; 
		0 lines filtered by filters;
		0 lines filtered because lack of references;
		0 lines filtered by taxon filters.
[2019-02-21 11:06:54] ### INFO ###### New nodes have been created
[2019-02-21 11:06:54] ### INFO ###### New edges have been created
[2019-02-21 11:06:54] ### INFO ###### Introducing new node and edge attributes...
[2019-02-21 11:06:55] ### WARNING ###### Vertex attribute `exp` has only None values
[2019-02-21 11:06:55] ### WARNING ###### Edge attribute `negative_refs` has only None values
[2019-02-21 11:06:55] ### WARNING ###### Edge attribute `negative` has only None values
[2019-02-21 11:06:55] ### WARNING ###### Edge attribute `ca1_type` has multiple types of values: set, str
[2019-02-21 11:06:55] ### WARNING ###### Edge attribute `ca1_effect` has multiple types of values: set, str
[2019-02-21 11:06:55] ### INFO ###### /home/mlefebvre/anaconda2/envs/pybravo/lib/python3.6/site-packages/pypath/data/arn_curated.csv opened...
[2019-02-21 11:06:55] ### INFO ###### 94 lines have been read from /home/mlefebvre/anaconda2/envs/pybravo/lib/python3.6/site-packages/pypath/data/arn_curated.csv,95 links after mapping; 
		0 lines filtered by filters;
		0 lines filtered because lack of references;
		0 lines filtered by taxon filters.
[2019-02-21 11:06:55] ### INFO ###### New nodes have been created
[2019-02-21 11:06:55] ### INFO ###### New edges have been created
[2019-02-21 11:06:55] ### INFO ###### Introducing new node and edge attributes...
[2019-02-21 11:06:55] ### WARNING ###### Vertex attribute `exp` has only None values
[2019-02-21 11:06:55] ### WARNING ###### Edge attribute `negative_refs` has only None values
[2019-02-21 11:06:55] ### WARNING ###### Edge attribute `negative` has only None values
[2019-02-21 11:06:55] ### WARNING ###### Edge attribute `netbiol_effect` has multiple types of values: str, set
[2019-02-21 11:06:56] ### INFO ###### /home/mlefebvre/anaconda2/envs/pybravo/lib/python3.6/site-packages/pypath/data/nrf2ome.csv opened...
[2019-02-21 11:06:56] ### INFO ###### 108 lines have been read from /home/mlefebvre/anaconda2/envs/pybravo/lib/python3.6/site-packages/pypath/data/nrf2ome.csv,109 links after mapping; 
		0 lines filtered by filters;
		0 lines filtered because lack of references;
		0 lines filtered by taxon filters.
[2019-02-21 11:06:56] ### INFO ###### New nodes have been created
[2019-02-21 11:06:56] ### INFO ###### New edges have been created
[2019-02-21 11:06:56] ### INFO ###### Introducing new node and edge attributes...
[2019-02-21 11:06:56] ### WARNING ###### Vertex attribute `exp` has only None values
[2019-02-21 11:06:56] ### WARNING ###### Edge attribute `negative_refs` has only None values
[2019-02-21 11:06:56] ### WARNING ###### Edge attribute `negative` has only None values
[2019-02-21 11:06:56] ### WARNING ###### Edge attribute `netbiol_effect` has multiple types of values: str, set
[2019-02-21 11:06:57] ### INFO ###### Retrieving data by dataio.macrophage_interactions() ...
[2019-02-21 11:07:09] ### INFO ### Loading mapping tables...
[2019-02-21 11:07:09] ### INFO ###### Loading table ('genesymbol-syn', 'uniprot') ...
[2019-02-21 11:07:09] ### INFO ###### Table ('genesymbol-syn', 'uniprot') loaded from UniprotMapping.
[2019-02-21 11:07:09] ### INFO ###### 4515 lines have been read from macrophage_interactions,4860 links after mapping; 
		0 lines filtered by filters;
		13 lines filtered because lack of references;
		0 lines filtered by taxon filters.
[2019-02-21 11:07:09] ### INFO ###### New nodes have been created
[2019-02-21 11:07:09] ### INFO ###### New edges have been created
[2019-02-21 11:07:09] ### INFO ###### Introducing new node and edge attributes...
[2019-02-21 11:07:10] ### WARNING ###### Vertex attribute `exp` has only None values
[2019-02-21 11:07:10] ### WARNING ###### Edge attribute `negative_refs` has only None values
[2019-02-21 11:07:10] ### WARNING ###### Edge attribute `negative` has only None values
[2019-02-21 11:07:11] ### INFO ###### Retrieving data by dataio.deathdomain_interactions() ...
[2019-02-21 11:07:27] ### INFO ###### 287 lines have been read from deathdomain_interactions,236 links after mapping; 
		0 lines filtered by filters;
		0 lines filtered because lack of references;
		0 lines filtered by taxon filters.
[2019-02-21 11:07:27] ### INFO ###### New nodes have been created
[2019-02-21 11:07:27] ### INFO ###### New edges have been created
[2019-02-21 11:07:27] ### INFO ###### Introducing new node and edge attributes...
[2019-02-21 11:07:27] ### WARNING ###### Vertex attribute `exp` has only None values
[2019-02-21 11:07:27] ### WARNING ###### Edge attribute `negative_refs` has only None values
[2019-02-21 11:07:27] ### WARNING ###### Edge attribute `negative` has only None values
[2019-02-21 11:07:28] ### INFO ###### Retrieving data by dataio.get_pdzbase() ...
[2019-02-21 11:07:30] ### INFO ###### 338 lines have been read from get_pdzbase,125 links after mapping; 
		0 lines filtered by filters;
		0 lines filtered because lack of references;
		214 lines filtered by taxon filters.
[2019-02-21 11:07:30] ### INFO ###### New nodes have been created
[2019-02-21 11:07:30] ### INFO ###### New edges have been created
[2019-02-21 11:07:30] ### INFO ###### Introducing new node and edge attributes...
[2019-02-21 11:07:30] ### WARNING ###### Vertex attribute `exp` has only None values
[2019-02-21 11:07:30] ### WARNING ###### Edge attribute `negative_refs` has only None values
[2019-02-21 11:07:30] ### WARNING ###### Edge attribute `negative` has only None values
[2019-02-21 11:07:30] ### INFO ###### Retrieving data by dataio.signor_interactions() ...
[2019-02-21 11:07:40] ### INFO ###### 20032 lines have been read from signor_interactions,10108 links after mapping; 
		3970 lines filtered by filters;
		691 lines filtered because lack of references;
		3072 lines filtered by taxon filters.
[2019-02-21 11:07:40] ### INFO ###### New nodes have been created
[2019-02-21 11:07:40] ### INFO ###### New edges have been created
[2019-02-21 11:07:40] ### INFO ###### Introducing new node and edge attributes...
[2019-02-21 11:07:46] ### WARNING ###### Vertex attribute `exp` has only None values
[2019-02-21 11:07:47] ### WARNING ###### Edge attribute `negative_refs` has only None values
[2019-02-21 11:07:47] ### WARNING ###### Edge attribute `negative` has only None values
[2019-02-21 11:07:48] ### INFO ###### Retrieving data by dataio.hpmr_interactions() ...
[2019-02-21 11:29:48] ### INFO ###### 621 lines have been read from hpmr_interactions,579 links after mapping; 
		0 lines filtered by filters;
		47 lines filtered because lack of references;
		0 lines filtered by taxon filters.
[2019-02-21 11:29:48] ### INFO ###### New nodes have been created
[2019-02-21 11:29:48] ### INFO ###### New edges have been created
[2019-02-21 11:29:48] ### INFO ###### Introducing new node and edge attributes...
[2019-02-21 11:29:48] ### WARNING ###### Vertex attribute `exp` has only None values
[2019-02-21 11:29:49] ### WARNING ###### Edge attribute `negative_refs` has only None values
[2019-02-21 11:29:49] ### WARNING ###### Edge attribute `negative` has only None values
[2019-02-21 11:29:49] ### INFO ###### Retrieving data by dataio.cellphonedb_interactions() ...
[2019-02-21 11:29:50] ### INFO ###### 825 lines have been read from cellphonedb_interactions,148 links after mapping; 
		0 lines filtered by filters;
		678 lines filtered because lack of references;
		0 lines filtered by taxon filters.
[2019-02-21 11:29:50] ### INFO ###### New nodes have been created
[2019-02-21 11:29:50] ### INFO ###### New edges have been created
[2019-02-21 11:29:50] ### INFO ###### Introducing new node and edge attributes...
[2019-02-21 11:29:50] ### WARNING ###### Vertex attribute `exp` has only None values
[2019-02-21 11:29:50] ### WARNING ###### Edge attribute `negative_refs` has only None values
[2019-02-21 11:29:50] ### WARNING ###### Edge attribute `negative` has only None values
[2019-02-21 11:29:51] ### INFO ###### Retrieving data by dataio.ramilowski_interactions() ...
[2019-02-21 11:29:52] ### INFO ###### 1898 lines have been read from ramilowski_interactions,341 links after mapping; 
		0 lines filtered by filters;
		1626 lines filtered because lack of references;
		0 lines filtered by taxon filters.
[2019-02-21 11:29:52] ### INFO ###### New nodes have been created
[2019-02-21 11:29:53] ### INFO ###### New edges have been created
[2019-02-21 11:29:53] ### INFO ###### Introducing new node and edge attributes...
[2019-02-21 11:29:53] ### WARNING ###### Vertex attribute `exp` has only None values
[2019-02-21 11:29:53] ### WARNING ###### Edge attribute `negative_refs` has only None values
[2019-02-21 11:29:53] ### WARNING ###### Edge attribute `negative` has only None values
[2019-02-21 11:29:53] ### INFO ### Removing duplicate edges...
